#
# A fatal error has been detected by the Java Runtime Environment:
#
#  SIGBUS (0xa) at pc=0x0000000113a0b823, pid=3100, tid=24323
#
# JRE version: Java(TM) SE Runtime Environment (14.0.1+7) (build 14.0.1+7)
# Java VM: Java HotSpot(TM) 64-Bit Server VM (14.0.1+7, mixed mode, sharing, tiered, compressed oops, g1 gc, bsd-amd64)
# Problematic frame:
# V  [libjvm.dylib+0x20b823]  ConstantPool::impl_name_and_type_ref_index_at(int, bool)+0x23
#
# No core dump will be written. Core dumps have been disabled. To enable core dumping, try "ulimit -c unlimited" before starting Java again
#
# If you would like to submit a bug report, please visit:
#   https://bugreport.java.com/bugreport/crash.jsp
#

---------------  S U M M A R Y ------------

Command Line: -agentlib:jdwp=transport=dt_socket,suspend=y,address=localhost:54514 -ea -javaagent:/Applications/Eclipse.app/Contents/Eclipse/configuration/org.eclipse.osgi/214/0/.cp/lib/javaagent-shaded.jar -Dfile.encoding=UTF-8 org.eclipse.jdt.internal.junit.runner.RemoteTestRunner -version 3 -port 54513 -testLoaderClass org.eclipse.jdt.internal.junit4.runner.JUnit4TestLoader -loaderpluginname org.eclipse.jdt.junit4.runtime -classNames TestSuite

Host: MacBookPro15,1 x86_64 2600 MHz, 12 cores, 16G, Darwin 20.1.0
Time: Sat Nov 28 22:34:04 2020 PST elapsed time: 216 seconds (0d 0h 3m 36s)

---------------  T H R E A D  ---------------

Current thread (0x00007fafa1883800):  JavaThread "JDWP Transport Listener: dt_socket" daemon [_thread_in_vm, id=24323, stack(0x0000700005064000,0x0000700005164000)] _threads_hazard_ptr=0x00007fafa159caf0

Stack: [0x0000700005064000,0x0000700005164000],  sp=0x0000700005162fa0,  free space=1019k
Native frames: (J=compiled Java code, A=aot compiled Java code, j=interpreted, Vv=VM code, C=native code)
V  [libjvm.dylib+0x20b823]  ConstantPool::impl_name_and_type_ref_index_at(int, bool)+0x23
V  [libjvm.dylib+0x20b84a]  ConstantPool::impl_signature_ref_at(int, bool)+0xe
V  [libjvm.dylib+0x2fd6de]  GenerateOopMap::do_method(int, int, int, int)+0x40
V  [libjvm.dylib+0x2fbe07]  GenerateOopMap::interp_bb(BasicBlock*)+0xdb
V  [libjvm.dylib+0x2fbb28]  GenerateOopMap::interp_all()+0x3c
V  [libjvm.dylib+0x2fb7d9]  GenerateOopMap::do_interpretation()+0x4b
V  [libjvm.dylib+0x2fdef9]  GenerateOopMap::compute_map(Thread*)+0x165
V  [libjvm.dylib+0x5e0998]  OopMapForCacheEntry::compute_map(Thread*)+0x54
V  [libjvm.dylib+0x5e117a]  OopMapCacheEntry::fill(methodHandle const&, int)+0xac
V  [libjvm.dylib+0x5e1aab]  OopMapCache::compute_one_oop_map(methodHandle const&, int, InterpreterOopMap*)+0x5d
V  [libjvm.dylib+0x5a96e0]  Method::mask_for(int, InterpreterOopMap*)+0x7e
V  [libjvm.dylib+0x736484]  interpretedVFrame::stack_data(bool) const+0x48
V  [libjvm.dylib+0x4b86f1]  VM_GetOrSetLocal::check_slot_type_no_lvt(javaVFrame*)+0x4d
V  [libjvm.dylib+0x4b87dd]  VM_GetOrSetLocal::doit_prologue()+0x8d
V  [libjvm.dylib+0x749b0d]  VMThread::execute(VM_Operation*)+0x12d
V  [libjvm.dylib+0x4a4f18]  JvmtiEnv::GetLocalObject(JavaThread*, int, int, _jobject**)+0x54
V  [libjvm.dylib+0x466e3e]  jvmti_GetLocalObject(_jvmtiEnv*, _jobject*, int, int, _jobject**)+0x14d
C  [libjdwp.dylib+0x6f7c]  thisObject+0x1ac
C  [libjdwp.dylib+0xe689]  debugLoop_run+0x1f1
C  [libjdwp.dylib+0x1f8ee]  attachThread+0x54
V  [libjvm.dylib+0x4b72ea]  JvmtiAgentThread::call_start_function()+0x38
V  [libjvm.dylib+0x6ed14a]  JavaThread::thread_main_inner()+0x86
V  [libjvm.dylib+0x6ecf88]  JavaThread::run()+0x118
V  [libjvm.dylib+0x6eadcf]  Thread::call_run()+0x71
V  [libjvm.dylib+0x5e97a0]  thread_native_entry(Thread*)+0x129
C  [libsystem_pthread.dylib+0x6950]  _pthread_start+0xe0
C  [libsystem_pthread.dylib+0x247b]  thread_start+0xf


siginfo: si_signo: 10 (SIGBUS), si_code: 2 (BUS_ADRERR), si_addr: 0x000000013831b700

Register to memory mapping:

RAX=0x0000000138187598 is pointing into metadata
RBX=0x0000000138166e70 is pointing into metadata
RCX=0x000000000000ffff is an unknown value
RDX=0x0000000000194140 is an unknown value
RSP=0x0000700005162fa0 is pointing into the stack for thread: 0x00007fafa1883800
RBP=0x0000700005162fa0 is pointing into the stack for thread: 0x00007fafa1883800
RSI=0x000000000000ca0a is an unknown value
RDI=0x0000000138166e70 is pointing into metadata
R8 =0x000000000000000c is an unknown value
R9 =0x00007fafa1427880 points into unknown readable memory: 30 7d 16 38 01 00 00 00
R10=0x0000000042000000 is an unknown value
R11=0xffffffffffffffa0 is an unknown value
R12=0x0000000000000015 is an unknown value
R13=0x0000700005163610 is pointing into the stack for thread: 0x00007fafa1883800
R14=0x0 is NULL
R15=0x000000000000000c is an unknown value


Registers:
RAX=0x0000000138187598, RBX=0x0000000138166e70, RCX=0x000000000000ffff, RDX=0x0000000000194140
RSP=0x0000700005162fa0, RBP=0x0000700005162fa0, RSI=0x000000000000ca0a, RDI=0x0000000138166e70
R8 =0x000000000000000c, R9 =0x00007fafa1427880, R10=0x0000000042000000, R11=0xffffffffffffffa0
R12=0x0000000000000015, R13=0x0000700005163610, R14=0x0000000000000000, R15=0x000000000000000c
RIP=0x0000000113a0b823, EFLAGS=0x0000000000010202, ERR=0x0000000000000004
  TRAPNO=0x000000000000000e

Top of Stack: (sp=0x0000700005162fa0)
0x0000700005162fa0:   0000700005162fc0 0000000113a0b84a
0x0000700005162fb0:   0000000138167cb0 0000700005163610
0x0000700005162fc0:   0000700005163450 0000000113afd6de
0x0000700005162fd0:   00000001140dfb50 00007fafa5a1b240
0x0000700005162fe0:   0000000000000014 000000000000000c
0x0000700005162ff0:   0000700005163000 0000000000000002
0x0000700005163000:   4fffffff4fffffff 0000000000000000
0x0000700005163010:   0000000000000000 0000000000000000
0x0000700005163020:   0000000000000000 0000000000000000
0x0000700005163030:   0000000000000000 0000000000000000
0x0000700005163040:   0000000000000000 0000000000000000
0x0000700005163050:   0000000000000000 0000000000000000
0x0000700005163060:   0000000000000000 0000000000000000
0x0000700005163070:   0000000000000000 0000000000000000
0x0000700005163080:   0000000000000000 0000000000000000
0x0000700005163090:   0000000000000000 0000000000000000
0x00007000051630a0:   0000000000000000 0000000000000000
0x00007000051630b0:   0000000000000000 0000000000000000
0x00007000051630c0:   0000000000000000 0000000000000000
0x00007000051630d0:   0000000000000000 0000000000000000
0x00007000051630e0:   0000000000000000 0000000000000000
0x00007000051630f0:   0000000000000000 0000000000000000
0x0000700005163100:   0000000000000000 0000000000000000
0x0000700005163110:   0000000000000000 0000000000000000
0x0000700005163120:   0000000000000000 0000000000000000
0x0000700005163130:   0000000000000000 0000000000000000
0x0000700005163140:   0000000000000000 0000000000000000
0x0000700005163150:   0000000000000000 0000000000000000
0x0000700005163160:   0000000000000000 0000000000000000
0x0000700005163170:   0000000000000000 0000000000000000
0x0000700005163180:   0000000000000000 0000000000000000
0x0000700005163190:   0000000000000000 0000000000000000 

Instructions: (pc=0x0000000113a0b823)
0x0000000113a0b723:   e5 48 8b 07 48 8b 40 10 48 85 c0 74 2a 89 f1 c1
0x0000000113a0b733:   f9 1f 31 f1 48 63 c9 48 c1 e1 05 48 8b 54 08 30
0x0000000113a0b743:   48 83 fa 00 74 11 48 83 c0 28 48 8b 44 08 18 c1
0x0000000113a0b753:   e8 18 83 e0 01 eb 02 31 c0 5d c3 55 48 89 e5 48
0x0000000113a0b763:   89 f8 48 8b 08 48 8b 49 10 48 85 c9 74 1c 89 f2
0x0000000113a0b773:   c1 fa 1f 31 f2 48 63 d2 48 c1 e2 05 48 8d 7c 11
0x0000000113a0b783:   28 48 89 c6 5d e9 e3 60 00 00 31 c0 5d c3 90 55
0x0000000113a0b793:   48 89 e5 48 8b 07 48 8b 40 10 48 85 c0 74 2a 89
0x0000000113a0b7a3:   f1 c1 f9 1f 31 f1 48 63 c9 48 c1 e1 05 48 8b 54
0x0000000113a0b7b3:   08 30 48 83 fa 00 74 11 48 83 c0 28 48 8b 44 08
0x0000000113a0b7c3:   18 c1 e8 19 83 e0 01 eb 02 31 c0 5d c3 55 48 89
0x0000000113a0b7d3:   e5 53 50 48 89 fb e8 22 00 00 00 48 98 0f b7 44
0x0000000113a0b7e3:   c3 40 48 8b 44 c3 40 48 83 c4 08 5b 5d c3 90 55
0x0000000113a0b7f3:   48 89 e5 48 63 c6 0f b7 44 c7 40 5d c3 55 48 89
0x0000000113a0b803:   e5 85 d2 75 22 48 8b 47 10 48 85 c0 74 19 85 f6
0x0000000113a0b813:   79 02 f7 d6 48 63 d6 48 c1 e2 05 b9 ff ff 00 00
0x0000000113a0b823:   48 23 4c 10 28 eb 0b 48 8b 47 08 48 63 ce 8a 44
0x0000000113a0b833:   08 04 0f b7 44 cf 42 5d c3 55 48 89 e5 53 50 48
0x0000000113a0b843:   89 fb e8 b6 ff ff ff 48 98 0f b7 44 c3 42 48 8b
0x0000000113a0b853:   44 c3 40 48 83 c4 08 5b 5d c3 90 55 48 89 e5 48
0x0000000113a0b863:   63 c6 0f b7 44 c7 42 5d c3 55 48 89 e5 48 8b 47
0x0000000113a0b873:   10 48 63 ce 48 c1 e1 05 48 8b 44 08 28 0f b7 c0
0x0000000113a0b883:   5d c3 90 55 48 89 e5 85 d2 75 1e 48 8b 47 10 48
0x0000000113a0b893:   85 c0 74 15 85 f6 79 02 f7 d6 48 63 ce 48 c1 e1
0x0000000113a0b8a3:   05 48 8b 44 08 28 0f b7 f0 48 8b 47 08 48 63 ce
0x0000000113a0b8b3:   8a 44 08 04 5d c3 90 55 48 89 e5 41 57 41 56 53
0x0000000113a0b8c3:   50 41 89 d7 89 f3 49 89 fe 85 db 79 26 48 8d 3d
0x0000000113a0b8d3:   39 41 5a 00 48 8d 15 74 41 5a 00 48 8d 0d ac 41
0x0000000113a0b8e3:   5a 00 be 99 02 00 00 31 c0 e8 c4 6b 00 00 e8 dc
0x0000000113a0b8f3:   d9 3d 00 45 84 ff 75 18 49 8b 46 10 48 85 c0 74
0x0000000113a0b903:   0f 48 63 cb 48 c1 e1 05 48 8b 44 08 28 0f b7 d8
0x0000000113a0b913:   48 63 c3 41 0f b7 44 c6 40 48 83 c4 08 5b 41 5e 


Stack slot to memory mapping:
stack at sp + 0 slots: 0x0000700005162fc0 is pointing into the stack for thread: 0x00007fafa1883800
stack at sp + 1 slots: 0x0000000113a0b84a: _ZN12ConstantPool21impl_signature_ref_atEib+0xe in /Library/Java/JavaVirtualMachines/jdk-14.0.1.jdk/Contents/Home/lib/server/libjvm.dylib at 0x0000000113800000
stack at sp + 2 slots: 0x0000000138167cb0 is pointing into metadata
stack at sp + 3 slots: 0x0000700005163610 is pointing into the stack for thread: 0x00007fafa1883800
stack at sp + 4 slots: 0x0000700005163450 is pointing into the stack for thread: 0x00007fafa1883800
stack at sp + 5 slots: 0x0000000113afd6de: _ZN14GenerateOopMap9do_methodEiiii+0x40 in /Library/Java/JavaVirtualMachines/jdk-14.0.1.jdk/Contents/Home/lib/server/libjvm.dylib at 0x0000000113800000
stack at sp + 6 slots: 0x00000001140dfb50: _ZTV16ComputeCallStack+0x10 in /Library/Java/JavaVirtualMachines/jdk-14.0.1.jdk/Contents/Home/lib/server/libjvm.dylib at 0x0000000113800000
stack at sp + 7 slots: 0x00007fafa5a1b240 points into unknown readable memory: 05 00 22 00 c7 7b 28 4c


---------------  P R O C E S S  ---------------

Threads class SMR info:
_java_thread_list=0x00007fafa159caf0, length=14, elements={
0x00007fafa4009000, 0x00007fafa380c000, 0x00007fafa380b000, 0x00007fafa1813000,
0x00007fafa1817000, 0x00007fafa1818000, 0x00007fafa3816800, 0x00007fafa3819800,
0x00007fafa385a000, 0x00007fafa1883800, 0x00007fafa1884800, 0x00007fafa280e000,
0x00007fafa3818000, 0x00007fafa682a000
}

Java Threads: ( => current thread )
  0x00007fafa4009000 JavaThread "main" [_thread_blocked, id=6659, stack(0x0000700004031000,0x0000700004131000)]
  0x00007fafa380c000 JavaThread "Reference Handler" daemon [_thread_blocked, id=14595, stack(0x0000700004746000,0x0000700004846000)]
  0x00007fafa380b000 JavaThread "Finalizer" daemon [_thread_blocked, id=17667, stack(0x0000700004849000,0x0000700004949000)]
  0x00007fafa1813000 JavaThread "Signal Dispatcher" daemon [_thread_blocked, id=43011, stack(0x0000700004a52000,0x0000700004b52000)]
  0x00007fafa1817000 JavaThread "Service Thread" daemon [_thread_blocked, id=42243, stack(0x0000700004b55000,0x0000700004c55000)]
  0x00007fafa1818000 JavaThread "C2 CompilerThread0" daemon [_thread_blocked, id=22531, stack(0x0000700004c58000,0x0000700004d58000)]
  0x00007fafa3816800 JavaThread "C1 CompilerThread0" daemon [_thread_blocked, id=41731, stack(0x0000700004d5b000,0x0000700004e5b000)]
  0x00007fafa3819800 JavaThread "Sweeper thread" daemon [_thread_blocked, id=41219, stack(0x0000700004e5e000,0x0000700004f5e000)]
  0x00007fafa385a000 JavaThread "Common-Cleaner" daemon [_thread_blocked, id=40963, stack(0x0000700004f61000,0x0000700005061000)]
=>0x00007fafa1883800 JavaThread "JDWP Transport Listener: dt_socket" daemon [_thread_in_vm, id=24323, stack(0x0000700005064000,0x0000700005164000)]
  0x00007fafa1884800 JavaThread "JDWP Event Helper Thread" daemon [_thread_blocked, id=24835, stack(0x0000700005167000,0x0000700005267000)]
  0x00007fafa280e000 JavaThread "JDWP Command Reader" daemon [_thread_in_native, id=25347, stack(0x000070000526a000,0x000070000536a000)]
  0x00007fafa3818000 JavaThread "Notification Thread" daemon [_thread_blocked, id=39939, stack(0x000070000536d000,0x000070000546d000)]
  0x00007fafa682a000 JavaThread "ReaderThread" [_thread_in_native, id=39171, stack(0x0000700005573000,0x0000700005673000)]

Other Threads:
  0x00007fafa20c4000 VMThread "VM Thread" [stack: 0x0000700004643000,0x0000700004743000] [id=14083]
  0x00007fafa385f800 WatcherThread [stack: 0x0000700005470000,0x0000700005570000] [id=26115]
  0x00007fafa283a000 GCTaskThread "GC Thread#0" [stack: 0x0000700004134000,0x0000700004234000] [id=19971]
  0x00007fafa284b800 ConcurrentGCThread "G1 Main Marker" [stack: 0x0000700004237000,0x0000700004337000] [id=19715]
  0x00007fafa284c000 ConcurrentGCThread "G1 Conc#0" [stack: 0x000070000433a000,0x000070000443a000] [id=19203]
  0x00007fafa20b1800 ConcurrentGCThread "G1 Refine#0" [stack: 0x000070000443d000,0x000070000453d000] [id=18947]
  0x00007fafa20b2800 ConcurrentGCThread "G1 Young RemSet Sampling" [stack: 0x0000700004540000,0x0000700004640000] [id=13571]

Threads with active compile tasks:

VM state:not at safepoint (normal execution)

VM Mutex/Monitor currently owned by a thread: None

Heap address: 0x0000000700000000, size: 4096 MB, Compressed Oops mode: Zero based, Oop shift amount: 3
Narrow klass base: 0x0000000800000000, Narrow klass shift: 3
Compressed class space size: 1073741824 Address: 0x0000000800b05000

Heap:
 garbage-first heap   total 264192K, used 17200K [0x0000000700000000, 0x0000000800000000)
  region size 1024K, 18 young (18432K), 0 survivors (0K)
 Metaspace       used 5000K, capacity 5858K, committed 6016K, reserved 1056768K
  class space    used 507K, capacity 581K, committed 640K, reserved 1048576K
Heap Regions: E=young(eden), S=young(survivor), O=old, HS=humongous(starts), HC=humongous(continues), CS=collection set, F=free, OA=open archive, CA=closed archive, TAMS=top-at-mark-start (previous, next)
|   0|0x0000000700000000, 0x0000000700000000, 0x0000000700100000|  0%| F|  |TAMS 0x0000000700000000, 0x0000000700000000| Untracked 
|   1|0x0000000700100000, 0x0000000700100000, 0x0000000700200000|  0%| F|  |TAMS 0x0000000700100000, 0x0000000700100000| Untracked 
|   2|0x0000000700200000, 0x0000000700200000, 0x0000000700300000|  0%| F|  |TAMS 0x0000000700200000, 0x0000000700200000| Untracked 
|   3|0x0000000700300000, 0x0000000700300000, 0x0000000700400000|  0%| F|  |TAMS 0x0000000700300000, 0x0000000700300000| Untracked 
|   4|0x0000000700400000, 0x0000000700400000, 0x0000000700500000|  0%| F|  |TAMS 0x0000000700400000, 0x0000000700400000| Untracked 
|   5|0x0000000700500000, 0x0000000700500000, 0x0000000700600000|  0%| F|  |TAMS 0x0000000700500000, 0x0000000700500000| Untracked 
|   6|0x0000000700600000, 0x0000000700600000, 0x0000000700700000|  0%| F|  |TAMS 0x0000000700600000, 0x0000000700600000| Untracked 
|   7|0x0000000700700000, 0x0000000700700000, 0x0000000700800000|  0%| F|  |TAMS 0x0000000700700000, 0x0000000700700000| Untracked 
|   8|0x0000000700800000, 0x0000000700800000, 0x0000000700900000|  0%| F|  |TAMS 0x0000000700800000, 0x0000000700800000| Untracked 
|   9|0x0000000700900000, 0x0000000700900000, 0x0000000700a00000|  0%| F|  |TAMS 0x0000000700900000, 0x0000000700900000| Untracked 
|  10|0x0000000700a00000, 0x0000000700a00000, 0x0000000700b00000|  0%| F|  |TAMS 0x0000000700a00000, 0x0000000700a00000| Untracked 
|  11|0x0000000700b00000, 0x0000000700b00000, 0x0000000700c00000|  0%| F|  |TAMS 0x0000000700b00000, 0x0000000700b00000| Untracked 
|  12|0x0000000700c00000, 0x0000000700c00000, 0x0000000700d00000|  0%| F|  |TAMS 0x0000000700c00000, 0x0000000700c00000| Untracked 
|  13|0x0000000700d00000, 0x0000000700d00000, 0x0000000700e00000|  0%| F|  |TAMS 0x0000000700d00000, 0x0000000700d00000| Untracked 
|  14|0x0000000700e00000, 0x0000000700e00000, 0x0000000700f00000|  0%| F|  |TAMS 0x0000000700e00000, 0x0000000700e00000| Untracked 
|  15|0x0000000700f00000, 0x0000000700f00000, 0x0000000701000000|  0%| F|  |TAMS 0x0000000700f00000, 0x0000000700f00000| Untracked 
|  16|0x0000000701000000, 0x0000000701000000, 0x0000000701100000|  0%| F|  |TAMS 0x0000000701000000, 0x0000000701000000| Untracked 
|  17|0x0000000701100000, 0x0000000701100000, 0x0000000701200000|  0%| F|  |TAMS 0x0000000701100000, 0x0000000701100000| Untracked 
|  18|0x0000000701200000, 0x0000000701200000, 0x0000000701300000|  0%| F|  |TAMS 0x0000000701200000, 0x0000000701200000| Untracked 
|  19|0x0000000701300000, 0x0000000701300000, 0x0000000701400000|  0%| F|  |TAMS 0x0000000701300000, 0x0000000701300000| Untracked 
|  20|0x0000000701400000, 0x0000000701400000, 0x0000000701500000|  0%| F|  |TAMS 0x0000000701400000, 0x0000000701400000| Untracked 
|  21|0x0000000701500000, 0x0000000701500000, 0x0000000701600000|  0%| F|  |TAMS 0x0000000701500000, 0x0000000701500000| Untracked 
|  22|0x0000000701600000, 0x0000000701600000, 0x0000000701700000|  0%| F|  |TAMS 0x0000000701600000, 0x0000000701600000| Untracked 
|  23|0x0000000701700000, 0x0000000701700000, 0x0000000701800000|  0%| F|  |TAMS 0x0000000701700000, 0x0000000701700000| Untracked 
|  24|0x0000000701800000, 0x0000000701800000, 0x0000000701900000|  0%| F|  |TAMS 0x0000000701800000, 0x0000000701800000| Untracked 
|  25|0x0000000701900000, 0x0000000701900000, 0x0000000701a00000|  0%| F|  |TAMS 0x0000000701900000, 0x0000000701900000| Untracked 
|  26|0x0000000701a00000, 0x0000000701a00000, 0x0000000701b00000|  0%| F|  |TAMS 0x0000000701a00000, 0x0000000701a00000| Untracked 
|  27|0x0000000701b00000, 0x0000000701b00000, 0x0000000701c00000|  0%| F|  |TAMS 0x0000000701b00000, 0x0000000701b00000| Untracked 
|  28|0x0000000701c00000, 0x0000000701c00000, 0x0000000701d00000|  0%| F|  |TAMS 0x0000000701c00000, 0x0000000701c00000| Untracked 
|  29|0x0000000701d00000, 0x0000000701d00000, 0x0000000701e00000|  0%| F|  |TAMS 0x0000000701d00000, 0x0000000701d00000| Untracked 
|  30|0x0000000701e00000, 0x0000000701e00000, 0x0000000701f00000|  0%| F|  |TAMS 0x0000000701e00000, 0x0000000701e00000| Untracked 
|  31|0x0000000701f00000, 0x0000000701f00000, 0x0000000702000000|  0%| F|  |TAMS 0x0000000701f00000, 0x0000000701f00000| Untracked 
|  32|0x0000000702000000, 0x0000000702000000, 0x0000000702100000|  0%| F|  |TAMS 0x0000000702000000, 0x0000000702000000| Untracked 
|  33|0x0000000702100000, 0x0000000702100000, 0x0000000702200000|  0%| F|  |TAMS 0x0000000702100000, 0x0000000702100000| Untracked 
|  34|0x0000000702200000, 0x0000000702200000, 0x0000000702300000|  0%| F|  |TAMS 0x0000000702200000, 0x0000000702200000| Untracked 
|  35|0x0000000702300000, 0x0000000702300000, 0x0000000702400000|  0%| F|  |TAMS 0x0000000702300000, 0x0000000702300000| Untracked 
|  36|0x0000000702400000, 0x0000000702400000, 0x0000000702500000|  0%| F|  |TAMS 0x0000000702400000, 0x0000000702400000| Untracked 
|  37|0x0000000702500000, 0x0000000702500000, 0x0000000702600000|  0%| F|  |TAMS 0x0000000702500000, 0x0000000702500000| Untracked 
|  38|0x0000000702600000, 0x0000000702600000, 0x0000000702700000|  0%| F|  |TAMS 0x0000000702600000, 0x0000000702600000| Untracked 
|  39|0x0000000702700000, 0x0000000702700000, 0x0000000702800000|  0%| F|  |TAMS 0x0000000702700000, 0x0000000702700000| Untracked 
|  40|0x0000000702800000, 0x0000000702800000, 0x0000000702900000|  0%| F|  |TAMS 0x0000000702800000, 0x0000000702800000| Untracked 
|  41|0x0000000702900000, 0x0000000702900000, 0x0000000702a00000|  0%| F|  |TAMS 0x0000000702900000, 0x0000000702900000| Untracked 
|  42|0x0000000702a00000, 0x0000000702a00000, 0x0000000702b00000|  0%| F|  |TAMS 0x0000000702a00000, 0x0000000702a00000| Untracked 
|  43|0x0000000702b00000, 0x0000000702b00000, 0x0000000702c00000|  0%| F|  |TAMS 0x0000000702b00000, 0x0000000702b00000| Untracked 
|  44|0x0000000702c00000, 0x0000000702c00000, 0x0000000702d00000|  0%| F|  |TAMS 0x0000000702c00000, 0x0000000702c00000| Untracked 
|  45|0x0000000702d00000, 0x0000000702d00000, 0x0000000702e00000|  0%| F|  |TAMS 0x0000000702d00000, 0x0000000702d00000| Untracked 
|  46|0x0000000702e00000, 0x0000000702e00000, 0x0000000702f00000|  0%| F|  |TAMS 0x0000000702e00000, 0x0000000702e00000| Untracked 
|  47|0x0000000702f00000, 0x0000000702f00000, 0x0000000703000000|  0%| F|  |TAMS 0x0000000702f00000, 0x0000000702f00000| Untracked 
|  48|0x0000000703000000, 0x0000000703000000, 0x0000000703100000|  0%| F|  |TAMS 0x0000000703000000, 0x0000000703000000| Untracked 
|  49|0x0000000703100000, 0x0000000703100000, 0x0000000703200000|  0%| F|  |TAMS 0x0000000703100000, 0x0000000703100000| Untracked 
|  50|0x0000000703200000, 0x0000000703200000, 0x0000000703300000|  0%| F|  |TAMS 0x0000000703200000, 0x0000000703200000| Untracked 
|  51|0x0000000703300000, 0x0000000703300000, 0x0000000703400000|  0%| F|  |TAMS 0x0000000703300000, 0x0000000703300000| Untracked 
|  52|0x0000000703400000, 0x0000000703400000, 0x0000000703500000|  0%| F|  |TAMS 0x0000000703400000, 0x0000000703400000| Untracked 
|  53|0x0000000703500000, 0x0000000703500000, 0x0000000703600000|  0%| F|  |TAMS 0x0000000703500000, 0x0000000703500000| Untracked 
|  54|0x0000000703600000, 0x0000000703600000, 0x0000000703700000|  0%| F|  |TAMS 0x0000000703600000, 0x0000000703600000| Untracked 
|  55|0x0000000703700000, 0x0000000703700000, 0x0000000703800000|  0%| F|  |TAMS 0x0000000703700000, 0x0000000703700000| Untracked 
|  56|0x0000000703800000, 0x0000000703800000, 0x0000000703900000|  0%| F|  |TAMS 0x0000000703800000, 0x0000000703800000| Untracked 
|  57|0x0000000703900000, 0x0000000703900000, 0x0000000703a00000|  0%| F|  |TAMS 0x0000000703900000, 0x0000000703900000| Untracked 
|  58|0x0000000703a00000, 0x0000000703a00000, 0x0000000703b00000|  0%| F|  |TAMS 0x0000000703a00000, 0x0000000703a00000| Untracked 
|  59|0x0000000703b00000, 0x0000000703b00000, 0x0000000703c00000|  0%| F|  |TAMS 0x0000000703b00000, 0x0000000703b00000| Untracked 
|  60|0x0000000703c00000, 0x0000000703c00000, 0x0000000703d00000|  0%| F|  |TAMS 0x0000000703c00000, 0x0000000703c00000| Untracked 
|  61|0x0000000703d00000, 0x0000000703d00000, 0x0000000703e00000|  0%| F|  |TAMS 0x0000000703d00000, 0x0000000703d00000| Untracked 
|  62|0x0000000703e00000, 0x0000000703e00000, 0x0000000703f00000|  0%| F|  |TAMS 0x0000000703e00000, 0x0000000703e00000| Untracked 
|  63|0x0000000703f00000, 0x0000000703f00000, 0x0000000704000000|  0%| F|  |TAMS 0x0000000703f00000, 0x0000000703f00000| Untracked 
|  64|0x0000000704000000, 0x0000000704000000, 0x0000000704100000|  0%| F|  |TAMS 0x0000000704000000, 0x0000000704000000| Untracked 
|  65|0x0000000704100000, 0x0000000704100000, 0x0000000704200000|  0%| F|  |TAMS 0x0000000704100000, 0x0000000704100000| Untracked 
|  66|0x0000000704200000, 0x0000000704200000, 0x0000000704300000|  0%| F|  |TAMS 0x0000000704200000, 0x0000000704200000| Untracked 
|  67|0x0000000704300000, 0x0000000704300000, 0x0000000704400000|  0%| F|  |TAMS 0x0000000704300000, 0x0000000704300000| Untracked 
|  68|0x0000000704400000, 0x0000000704400000, 0x0000000704500000|  0%| F|  |TAMS 0x0000000704400000, 0x0000000704400000| Untracked 
|  69|0x0000000704500000, 0x0000000704500000, 0x0000000704600000|  0%| F|  |TAMS 0x0000000704500000, 0x0000000704500000| Untracked 
|  70|0x0000000704600000, 0x0000000704600000, 0x0000000704700000|  0%| F|  |TAMS 0x0000000704600000, 0x0000000704600000| Untracked 
|  71|0x0000000704700000, 0x0000000704700000, 0x0000000704800000|  0%| F|  |TAMS 0x0000000704700000, 0x0000000704700000| Untracked 
|  72|0x0000000704800000, 0x0000000704800000, 0x0000000704900000|  0%| F|  |TAMS 0x0000000704800000, 0x0000000704800000| Untracked 
|  73|0x0000000704900000, 0x0000000704900000, 0x0000000704a00000|  0%| F|  |TAMS 0x0000000704900000, 0x0000000704900000| Untracked 
|  74|0x0000000704a00000, 0x0000000704a00000, 0x0000000704b00000|  0%| F|  |TAMS 0x0000000704a00000, 0x0000000704a00000| Untracked 
|  75|0x0000000704b00000, 0x0000000704b00000, 0x0000000704c00000|  0%| F|  |TAMS 0x0000000704b00000, 0x0000000704b00000| Untracked 
|  76|0x0000000704c00000, 0x0000000704c00000, 0x0000000704d00000|  0%| F|  |TAMS 0x0000000704c00000, 0x0000000704c00000| Untracked 
|  77|0x0000000704d00000, 0x0000000704d00000, 0x0000000704e00000|  0%| F|  |TAMS 0x0000000704d00000, 0x0000000704d00000| Untracked 
|  78|0x0000000704e00000, 0x0000000704e00000, 0x0000000704f00000|  0%| F|  |TAMS 0x0000000704e00000, 0x0000000704e00000| Untracked 
|  79|0x0000000704f00000, 0x0000000704f00000, 0x0000000705000000|  0%| F|  |TAMS 0x0000000704f00000, 0x0000000704f00000| Untracked 
|  80|0x0000000705000000, 0x0000000705000000, 0x0000000705100000|  0%| F|  |TAMS 0x0000000705000000, 0x0000000705000000| Untracked 
|  81|0x0000000705100000, 0x0000000705100000, 0x0000000705200000|  0%| F|  |TAMS 0x0000000705100000, 0x0000000705100000| Untracked 
|  82|0x0000000705200000, 0x0000000705200000, 0x0000000705300000|  0%| F|  |TAMS 0x0000000705200000, 0x0000000705200000| Untracked 
|  83|0x0000000705300000, 0x0000000705300000, 0x0000000705400000|  0%| F|  |TAMS 0x0000000705300000, 0x0000000705300000| Untracked 
|  84|0x0000000705400000, 0x0000000705400000, 0x0000000705500000|  0%| F|  |TAMS 0x0000000705400000, 0x0000000705400000| Untracked 
|  85|0x0000000705500000, 0x0000000705500000, 0x0000000705600000|  0%| F|  |TAMS 0x0000000705500000, 0x0000000705500000| Untracked 
|  86|0x0000000705600000, 0x0000000705600000, 0x0000000705700000|  0%| F|  |TAMS 0x0000000705600000, 0x0000000705600000| Untracked 
|  87|0x0000000705700000, 0x0000000705700000, 0x0000000705800000|  0%| F|  |TAMS 0x0000000705700000, 0x0000000705700000| Untracked 
|  88|0x0000000705800000, 0x0000000705800000, 0x0000000705900000|  0%| F|  |TAMS 0x0000000705800000, 0x0000000705800000| Untracked 
|  89|0x0000000705900000, 0x0000000705900000, 0x0000000705a00000|  0%| F|  |TAMS 0x0000000705900000, 0x0000000705900000| Untracked 
|  90|0x0000000705a00000, 0x0000000705a00000, 0x0000000705b00000|  0%| F|  |TAMS 0x0000000705a00000, 0x0000000705a00000| Untracked 
|  91|0x0000000705b00000, 0x0000000705b00000, 0x0000000705c00000|  0%| F|  |TAMS 0x0000000705b00000, 0x0000000705b00000| Untracked 
|  92|0x0000000705c00000, 0x0000000705c00000, 0x0000000705d00000|  0%| F|  |TAMS 0x0000000705c00000, 0x0000000705c00000| Untracked 
|  93|0x0000000705d00000, 0x0000000705d00000, 0x0000000705e00000|  0%| F|  |TAMS 0x0000000705d00000, 0x0000000705d00000| Untracked 
|  94|0x0000000705e00000, 0x0000000705e00000, 0x0000000705f00000|  0%| F|  |TAMS 0x0000000705e00000, 0x0000000705e00000| Untracked 
|  95|0x0000000705f00000, 0x0000000705f00000, 0x0000000706000000|  0%| F|  |TAMS 0x0000000705f00000, 0x0000000705f00000| Untracked 
|  96|0x0000000706000000, 0x0000000706000000, 0x0000000706100000|  0%| F|  |TAMS 0x0000000706000000, 0x0000000706000000| Untracked 
|  97|0x0000000706100000, 0x0000000706100000, 0x0000000706200000|  0%| F|  |TAMS 0x0000000706100000, 0x0000000706100000| Untracked 
|  98|0x0000000706200000, 0x0000000706200000, 0x0000000706300000|  0%| F|  |TAMS 0x0000000706200000, 0x0000000706200000| Untracked 
|  99|0x0000000706300000, 0x0000000706300000, 0x0000000706400000|  0%| F|  |TAMS 0x0000000706300000, 0x0000000706300000| Untracked 
| 100|0x0000000706400000, 0x0000000706400000, 0x0000000706500000|  0%| F|  |TAMS 0x0000000706400000, 0x0000000706400000| Untracked 
| 101|0x0000000706500000, 0x0000000706500000, 0x0000000706600000|  0%| F|  |TAMS 0x0000000706500000, 0x0000000706500000| Untracked 
| 102|0x0000000706600000, 0x0000000706600000, 0x0000000706700000|  0%| F|  |TAMS 0x0000000706600000, 0x0000000706600000| Untracked 
| 103|0x0000000706700000, 0x0000000706700000, 0x0000000706800000|  0%| F|  |TAMS 0x0000000706700000, 0x0000000706700000| Untracked 
| 104|0x0000000706800000, 0x0000000706800000, 0x0000000706900000|  0%| F|  |TAMS 0x0000000706800000, 0x0000000706800000| Untracked 
| 105|0x0000000706900000, 0x0000000706900000, 0x0000000706a00000|  0%| F|  |TAMS 0x0000000706900000, 0x0000000706900000| Untracked 
| 106|0x0000000706a00000, 0x0000000706a00000, 0x0000000706b00000|  0%| F|  |TAMS 0x0000000706a00000, 0x0000000706a00000| Untracked 
| 107|0x0000000706b00000, 0x0000000706b00000, 0x0000000706c00000|  0%| F|  |TAMS 0x0000000706b00000, 0x0000000706b00000| Untracked 
| 108|0x0000000706c00000, 0x0000000706c00000, 0x0000000706d00000|  0%| F|  |TAMS 0x0000000706c00000, 0x0000000706c00000| Untracked 
| 109|0x0000000706d00000, 0x0000000706d00000, 0x0000000706e00000|  0%| F|  |TAMS 0x0000000706d00000, 0x0000000706d00000| Untracked 
| 110|0x0000000706e00000, 0x0000000706e00000, 0x0000000706f00000|  0%| F|  |TAMS 0x0000000706e00000, 0x0000000706e00000| Untracked 
| 111|0x0000000706f00000, 0x0000000706f00000, 0x0000000707000000|  0%| F|  |TAMS 0x0000000706f00000, 0x0000000706f00000| Untracked 
| 112|0x0000000707000000, 0x0000000707000000, 0x0000000707100000|  0%| F|  |TAMS 0x0000000707000000, 0x0000000707000000| Untracked 
| 113|0x0000000707100000, 0x0000000707100000, 0x0000000707200000|  0%| F|  |TAMS 0x0000000707100000, 0x0000000707100000| Untracked 
| 114|0x0000000707200000, 0x0000000707200000, 0x0000000707300000|  0%| F|  |TAMS 0x0000000707200000, 0x0000000707200000| Untracked 
| 115|0x0000000707300000, 0x0000000707300000, 0x0000000707400000|  0%| F|  |TAMS 0x0000000707300000, 0x0000000707300000| Untracked 
| 116|0x0000000707400000, 0x0000000707400000, 0x0000000707500000|  0%| F|  |TAMS 0x0000000707400000, 0x0000000707400000| Untracked 
| 117|0x0000000707500000, 0x0000000707500000, 0x0000000707600000|  0%| F|  |TAMS 0x0000000707500000, 0x0000000707500000| Untracked 
| 118|0x0000000707600000, 0x0000000707600000, 0x0000000707700000|  0%| F|  |TAMS 0x0000000707600000, 0x0000000707600000| Untracked 
| 119|0x0000000707700000, 0x0000000707700000, 0x0000000707800000|  0%| F|  |TAMS 0x0000000707700000, 0x0000000707700000| Untracked 
| 120|0x0000000707800000, 0x0000000707800000, 0x0000000707900000|  0%| F|  |TAMS 0x0000000707800000, 0x0000000707800000| Untracked 
| 121|0x0000000707900000, 0x0000000707900000, 0x0000000707a00000|  0%| F|  |TAMS 0x0000000707900000, 0x0000000707900000| Untracked 
| 122|0x0000000707a00000, 0x0000000707a00000, 0x0000000707b00000|  0%| F|  |TAMS 0x0000000707a00000, 0x0000000707a00000| Untracked 
| 123|0x0000000707b00000, 0x0000000707b00000, 0x0000000707c00000|  0%| F|  |TAMS 0x0000000707b00000, 0x0000000707b00000| Untracked 
| 124|0x0000000707c00000, 0x0000000707c00000, 0x0000000707d00000|  0%| F|  |TAMS 0x0000000707c00000, 0x0000000707c00000| Untracked 
| 125|0x0000000707d00000, 0x0000000707d00000, 0x0000000707e00000|  0%| F|  |TAMS 0x0000000707d00000, 0x0000000707d00000| Untracked 
| 126|0x0000000707e00000, 0x0000000707e00000, 0x0000000707f00000|  0%| F|  |TAMS 0x0000000707e00000, 0x0000000707e00000| Untracked 
| 127|0x0000000707f00000, 0x0000000707f00000, 0x0000000708000000|  0%| F|  |TAMS 0x0000000707f00000, 0x0000000707f00000| Untracked 
| 128|0x0000000708000000, 0x0000000708000000, 0x0000000708100000|  0%| F|  |TAMS 0x0000000708000000, 0x0000000708000000| Untracked 
| 129|0x0000000708100000, 0x0000000708100000, 0x0000000708200000|  0%| F|  |TAMS 0x0000000708100000, 0x0000000708100000| Untracked 
| 130|0x0000000708200000, 0x0000000708200000, 0x0000000708300000|  0%| F|  |TAMS 0x0000000708200000, 0x0000000708200000| Untracked 
| 131|0x0000000708300000, 0x0000000708300000, 0x0000000708400000|  0%| F|  |TAMS 0x0000000708300000, 0x0000000708300000| Untracked 
| 132|0x0000000708400000, 0x0000000708400000, 0x0000000708500000|  0%| F|  |TAMS 0x0000000708400000, 0x0000000708400000| Untracked 
| 133|0x0000000708500000, 0x0000000708500000, 0x0000000708600000|  0%| F|  |TAMS 0x0000000708500000, 0x0000000708500000| Untracked 
| 134|0x0000000708600000, 0x0000000708600000, 0x0000000708700000|  0%| F|  |TAMS 0x0000000708600000, 0x0000000708600000| Untracked 
| 135|0x0000000708700000, 0x0000000708700000, 0x0000000708800000|  0%| F|  |TAMS 0x0000000708700000, 0x0000000708700000| Untracked 
| 136|0x0000000708800000, 0x0000000708800000, 0x0000000708900000|  0%| F|  |TAMS 0x0000000708800000, 0x0000000708800000| Untracked 
| 137|0x0000000708900000, 0x0000000708900000, 0x0000000708a00000|  0%| F|  |TAMS 0x0000000708900000, 0x0000000708900000| Untracked 
| 138|0x0000000708a00000, 0x0000000708a00000, 0x0000000708b00000|  0%| F|  |TAMS 0x0000000708a00000, 0x0000000708a00000| Untracked 
| 139|0x0000000708b00000, 0x0000000708b00000, 0x0000000708c00000|  0%| F|  |TAMS 0x0000000708b00000, 0x0000000708b00000| Untracked 
| 140|0x0000000708c00000, 0x0000000708c00000, 0x0000000708d00000|  0%| F|  |TAMS 0x0000000708c00000, 0x0000000708c00000| Untracked 
| 141|0x0000000708d00000, 0x0000000708d00000, 0x0000000708e00000|  0%| F|  |TAMS 0x0000000708d00000, 0x0000000708d00000| Untracked 
| 142|0x0000000708e00000, 0x0000000708e00000, 0x0000000708f00000|  0%| F|  |TAMS 0x0000000708e00000, 0x0000000708e00000| Untracked 
| 143|0x0000000708f00000, 0x0000000708f00000, 0x0000000709000000|  0%| F|  |TAMS 0x0000000708f00000, 0x0000000708f00000| Untracked 
| 144|0x0000000709000000, 0x0000000709000000, 0x0000000709100000|  0%| F|  |TAMS 0x0000000709000000, 0x0000000709000000| Untracked 
| 145|0x0000000709100000, 0x0000000709100000, 0x0000000709200000|  0%| F|  |TAMS 0x0000000709100000, 0x0000000709100000| Untracked 
| 146|0x0000000709200000, 0x0000000709200000, 0x0000000709300000|  0%| F|  |TAMS 0x0000000709200000, 0x0000000709200000| Untracked 
| 147|0x0000000709300000, 0x0000000709300000, 0x0000000709400000|  0%| F|  |TAMS 0x0000000709300000, 0x0000000709300000| Untracked 
| 148|0x0000000709400000, 0x0000000709400000, 0x0000000709500000|  0%| F|  |TAMS 0x0000000709400000, 0x0000000709400000| Untracked 
| 149|0x0000000709500000, 0x0000000709500000, 0x0000000709600000|  0%| F|  |TAMS 0x0000000709500000, 0x0000000709500000| Untracked 
| 150|0x0000000709600000, 0x0000000709600000, 0x0000000709700000|  0%| F|  |TAMS 0x0000000709600000, 0x0000000709600000| Untracked 
| 151|0x0000000709700000, 0x0000000709700000, 0x0000000709800000|  0%| F|  |TAMS 0x0000000709700000, 0x0000000709700000| Untracked 
| 152|0x0000000709800000, 0x0000000709800000, 0x0000000709900000|  0%| F|  |TAMS 0x0000000709800000, 0x0000000709800000| Untracked 
| 153|0x0000000709900000, 0x0000000709900000, 0x0000000709a00000|  0%| F|  |TAMS 0x0000000709900000, 0x0000000709900000| Untracked 
| 154|0x0000000709a00000, 0x0000000709a00000, 0x0000000709b00000|  0%| F|  |TAMS 0x0000000709a00000, 0x0000000709a00000| Untracked 
| 155|0x0000000709b00000, 0x0000000709b00000, 0x0000000709c00000|  0%| F|  |TAMS 0x0000000709b00000, 0x0000000709b00000| Untracked 
| 156|0x0000000709c00000, 0x0000000709c00000, 0x0000000709d00000|  0%| F|  |TAMS 0x0000000709c00000, 0x0000000709c00000| Untracked 
| 157|0x0000000709d00000, 0x0000000709d00000, 0x0000000709e00000|  0%| F|  |TAMS 0x0000000709d00000, 0x0000000709d00000| Untracked 
| 158|0x0000000709e00000, 0x0000000709e00000, 0x0000000709f00000|  0%| F|  |TAMS 0x0000000709e00000, 0x0000000709e00000| Untracked 
| 159|0x0000000709f00000, 0x0000000709f00000, 0x000000070a000000|  0%| F|  |TAMS 0x0000000709f00000, 0x0000000709f00000| Untracked 
| 160|0x000000070a000000, 0x000000070a000000, 0x000000070a100000|  0%| F|  |TAMS 0x000000070a000000, 0x000000070a000000| Untracked 
| 161|0x000000070a100000, 0x000000070a100000, 0x000000070a200000|  0%| F|  |TAMS 0x000000070a100000, 0x000000070a100000| Untracked 
| 162|0x000000070a200000, 0x000000070a200000, 0x000000070a300000|  0%| F|  |TAMS 0x000000070a200000, 0x000000070a200000| Untracked 
| 163|0x000000070a300000, 0x000000070a300000, 0x000000070a400000|  0%| F|  |TAMS 0x000000070a300000, 0x000000070a300000| Untracked 
| 164|0x000000070a400000, 0x000000070a400000, 0x000000070a500000|  0%| F|  |TAMS 0x000000070a400000, 0x000000070a400000| Untracked 
| 165|0x000000070a500000, 0x000000070a500000, 0x000000070a600000|  0%| F|  |TAMS 0x000000070a500000, 0x000000070a500000| Untracked 
| 166|0x000000070a600000, 0x000000070a600000, 0x000000070a700000|  0%| F|  |TAMS 0x000000070a600000, 0x000000070a600000| Untracked 
| 167|0x000000070a700000, 0x000000070a700000, 0x000000070a800000|  0%| F|  |TAMS 0x000000070a700000, 0x000000070a700000| Untracked 
| 168|0x000000070a800000, 0x000000070a800000, 0x000000070a900000|  0%| F|  |TAMS 0x000000070a800000, 0x000000070a800000| Untracked 
| 169|0x000000070a900000, 0x000000070a900000, 0x000000070aa00000|  0%| F|  |TAMS 0x000000070a900000, 0x000000070a900000| Untracked 
| 170|0x000000070aa00000, 0x000000070aa00000, 0x000000070ab00000|  0%| F|  |TAMS 0x000000070aa00000, 0x000000070aa00000| Untracked 
| 171|0x000000070ab00000, 0x000000070ab00000, 0x000000070ac00000|  0%| F|  |TAMS 0x000000070ab00000, 0x000000070ab00000| Untracked 
| 172|0x000000070ac00000, 0x000000070ac00000, 0x000000070ad00000|  0%| F|  |TAMS 0x000000070ac00000, 0x000000070ac00000| Untracked 
| 173|0x000000070ad00000, 0x000000070ad00000, 0x000000070ae00000|  0%| F|  |TAMS 0x000000070ad00000, 0x000000070ad00000| Untracked 
| 174|0x000000070ae00000, 0x000000070ae00000, 0x000000070af00000|  0%| F|  |TAMS 0x000000070ae00000, 0x000000070ae00000| Untracked 
| 175|0x000000070af00000, 0x000000070af00000, 0x000000070b000000|  0%| F|  |TAMS 0x000000070af00000, 0x000000070af00000| Untracked 
| 176|0x000000070b000000, 0x000000070b000000, 0x000000070b100000|  0%| F|  |TAMS 0x000000070b000000, 0x000000070b000000| Untracked 
| 177|0x000000070b100000, 0x000000070b100000, 0x000000070b200000|  0%| F|  |TAMS 0x000000070b100000, 0x000000070b100000| Untracked 
| 178|0x000000070b200000, 0x000000070b200000, 0x000000070b300000|  0%| F|  |TAMS 0x000000070b200000, 0x000000070b200000| Untracked 
| 179|0x000000070b300000, 0x000000070b300000, 0x000000070b400000|  0%| F|  |TAMS 0x000000070b300000, 0x000000070b300000| Untracked 
| 180|0x000000070b400000, 0x000000070b400000, 0x000000070b500000|  0%| F|  |TAMS 0x000000070b400000, 0x000000070b400000| Untracked 
| 181|0x000000070b500000, 0x000000070b500000, 0x000000070b600000|  0%| F|  |TAMS 0x000000070b500000, 0x000000070b500000| Untracked 
| 182|0x000000070b600000, 0x000000070b600000, 0x000000070b700000|  0%| F|  |TAMS 0x000000070b600000, 0x000000070b600000| Untracked 
| 183|0x000000070b700000, 0x000000070b700000, 0x000000070b800000|  0%| F|  |TAMS 0x000000070b700000, 0x000000070b700000| Untracked 
| 184|0x000000070b800000, 0x000000070b800000, 0x000000070b900000|  0%| F|  |TAMS 0x000000070b800000, 0x000000070b800000| Untracked 
| 185|0x000000070b900000, 0x000000070b900000, 0x000000070ba00000|  0%| F|  |TAMS 0x000000070b900000, 0x000000070b900000| Untracked 
| 186|0x000000070ba00000, 0x000000070ba00000, 0x000000070bb00000|  0%| F|  |TAMS 0x000000070ba00000, 0x000000070ba00000| Untracked 
| 187|0x000000070bb00000, 0x000000070bb00000, 0x000000070bc00000|  0%| F|  |TAMS 0x000000070bb00000, 0x000000070bb00000| Untracked 
| 188|0x000000070bc00000, 0x000000070bc00000, 0x000000070bd00000|  0%| F|  |TAMS 0x000000070bc00000, 0x000000070bc00000| Untracked 
| 189|0x000000070bd00000, 0x000000070bd00000, 0x000000070be00000|  0%| F|  |TAMS 0x000000070bd00000, 0x000000070bd00000| Untracked 
| 190|0x000000070be00000, 0x000000070be00000, 0x000000070bf00000|  0%| F|  |TAMS 0x000000070be00000, 0x000000070be00000| Untracked 
| 191|0x000000070bf00000, 0x000000070bf00000, 0x000000070c000000|  0%| F|  |TAMS 0x000000070bf00000, 0x000000070bf00000| Untracked 
| 192|0x000000070c000000, 0x000000070c000000, 0x000000070c100000|  0%| F|  |TAMS 0x000000070c000000, 0x000000070c000000| Untracked 
| 193|0x000000070c100000, 0x000000070c100000, 0x000000070c200000|  0%| F|  |TAMS 0x000000070c100000, 0x000000070c100000| Untracked 
| 194|0x000000070c200000, 0x000000070c200000, 0x000000070c300000|  0%| F|  |TAMS 0x000000070c200000, 0x000000070c200000| Untracked 
| 195|0x000000070c300000, 0x000000070c300000, 0x000000070c400000|  0%| F|  |TAMS 0x000000070c300000, 0x000000070c300000| Untracked 
| 196|0x000000070c400000, 0x000000070c400000, 0x000000070c500000|  0%| F|  |TAMS 0x000000070c400000, 0x000000070c400000| Untracked 
| 197|0x000000070c500000, 0x000000070c500000, 0x000000070c600000|  0%| F|  |TAMS 0x000000070c500000, 0x000000070c500000| Untracked 
| 198|0x000000070c600000, 0x000000070c600000, 0x000000070c700000|  0%| F|  |TAMS 0x000000070c600000, 0x000000070c600000| Untracked 
| 199|0x000000070c700000, 0x000000070c700000, 0x000000070c800000|  0%| F|  |TAMS 0x000000070c700000, 0x000000070c700000| Untracked 
| 200|0x000000070c800000, 0x000000070c800000, 0x000000070c900000|  0%| F|  |TAMS 0x000000070c800000, 0x000000070c800000| Untracked 
| 201|0x000000070c900000, 0x000000070c900000, 0x000000070ca00000|  0%| F|  |TAMS 0x000000070c900000, 0x000000070c900000| Untracked 
| 202|0x000000070ca00000, 0x000000070ca00000, 0x000000070cb00000|  0%| F|  |TAMS 0x000000070ca00000, 0x000000070ca00000| Untracked 
| 203|0x000000070cb00000, 0x000000070cb00000, 0x000000070cc00000|  0%| F|  |TAMS 0x000000070cb00000, 0x000000070cb00000| Untracked 
| 204|0x000000070cc00000, 0x000000070cc00000, 0x000000070cd00000|  0%| F|  |TAMS 0x000000070cc00000, 0x000000070cc00000| Untracked 
| 205|0x000000070cd00000, 0x000000070cd00000, 0x000000070ce00000|  0%| F|  |TAMS 0x000000070cd00000, 0x000000070cd00000| Untracked 
| 206|0x000000070ce00000, 0x000000070ce00000, 0x000000070cf00000|  0%| F|  |TAMS 0x000000070ce00000, 0x000000070ce00000| Untracked 
| 207|0x000000070cf00000, 0x000000070cf00000, 0x000000070d000000|  0%| F|  |TAMS 0x000000070cf00000, 0x000000070cf00000| Untracked 
| 208|0x000000070d000000, 0x000000070d000000, 0x000000070d100000|  0%| F|  |TAMS 0x000000070d000000, 0x000000070d000000| Untracked 
| 209|0x000000070d100000, 0x000000070d100000, 0x000000070d200000|  0%| F|  |TAMS 0x000000070d100000, 0x000000070d100000| Untracked 
| 210|0x000000070d200000, 0x000000070d200000, 0x000000070d300000|  0%| F|  |TAMS 0x000000070d200000, 0x000000070d200000| Untracked 
| 211|0x000000070d300000, 0x000000070d300000, 0x000000070d400000|  0%| F|  |TAMS 0x000000070d300000, 0x000000070d300000| Untracked 
| 212|0x000000070d400000, 0x000000070d400000, 0x000000070d500000|  0%| F|  |TAMS 0x000000070d400000, 0x000000070d400000| Untracked 
| 213|0x000000070d500000, 0x000000070d500000, 0x000000070d600000|  0%| F|  |TAMS 0x000000070d500000, 0x000000070d500000| Untracked 
| 214|0x000000070d600000, 0x000000070d600000, 0x000000070d700000|  0%| F|  |TAMS 0x000000070d600000, 0x000000070d600000| Untracked 
| 215|0x000000070d700000, 0x000000070d700000, 0x000000070d800000|  0%| F|  |TAMS 0x000000070d700000, 0x000000070d700000| Untracked 
| 216|0x000000070d800000, 0x000000070d800000, 0x000000070d900000|  0%| F|  |TAMS 0x000000070d800000, 0x000000070d800000| Untracked 
| 217|0x000000070d900000, 0x000000070d900000, 0x000000070da00000|  0%| F|  |TAMS 0x000000070d900000, 0x000000070d900000| Untracked 
| 218|0x000000070da00000, 0x000000070da00000, 0x000000070db00000|  0%| F|  |TAMS 0x000000070da00000, 0x000000070da00000| Untracked 
| 219|0x000000070db00000, 0x000000070db00000, 0x000000070dc00000|  0%| F|  |TAMS 0x000000070db00000, 0x000000070db00000| Untracked 
| 220|0x000000070dc00000, 0x000000070dc00000, 0x000000070dd00000|  0%| F|  |TAMS 0x000000070dc00000, 0x000000070dc00000| Untracked 
| 221|0x000000070dd00000, 0x000000070dd00000, 0x000000070de00000|  0%| F|  |TAMS 0x000000070dd00000, 0x000000070dd00000| Untracked 
| 222|0x000000070de00000, 0x000000070de00000, 0x000000070df00000|  0%| F|  |TAMS 0x000000070de00000, 0x000000070de00000| Untracked 
| 223|0x000000070df00000, 0x000000070df00000, 0x000000070e000000|  0%| F|  |TAMS 0x000000070df00000, 0x000000070df00000| Untracked 
| 224|0x000000070e000000, 0x000000070e000000, 0x000000070e100000|  0%| F|  |TAMS 0x000000070e000000, 0x000000070e000000| Untracked 
| 225|0x000000070e100000, 0x000000070e100000, 0x000000070e200000|  0%| F|  |TAMS 0x000000070e100000, 0x000000070e100000| Untracked 
| 226|0x000000070e200000, 0x000000070e200000, 0x000000070e300000|  0%| F|  |TAMS 0x000000070e200000, 0x000000070e200000| Untracked 
| 227|0x000000070e300000, 0x000000070e300000, 0x000000070e400000|  0%| F|  |TAMS 0x000000070e300000, 0x000000070e300000| Untracked 
| 228|0x000000070e400000, 0x000000070e400000, 0x000000070e500000|  0%| F|  |TAMS 0x000000070e400000, 0x000000070e400000| Untracked 
| 229|0x000000070e500000, 0x000000070e500000, 0x000000070e600000|  0%| F|  |TAMS 0x000000070e500000, 0x000000070e500000| Untracked 
| 230|0x000000070e600000, 0x000000070e600000, 0x000000070e700000|  0%| F|  |TAMS 0x000000070e600000, 0x000000070e600000| Untracked 
| 231|0x000000070e700000, 0x000000070e700000, 0x000000070e800000|  0%| F|  |TAMS 0x000000070e700000, 0x000000070e700000| Untracked 
| 232|0x000000070e800000, 0x000000070e800000, 0x000000070e900000|  0%| F|  |TAMS 0x000000070e800000, 0x000000070e800000| Untracked 
| 233|0x000000070e900000, 0x000000070e900000, 0x000000070ea00000|  0%| F|  |TAMS 0x000000070e900000, 0x000000070e900000| Untracked 
| 234|0x000000070ea00000, 0x000000070ea00000, 0x000000070eb00000|  0%| F|  |TAMS 0x000000070ea00000, 0x000000070ea00000| Untracked 
| 235|0x000000070eb00000, 0x000000070eb00000, 0x000000070ec00000|  0%| F|  |TAMS 0x000000070eb00000, 0x000000070eb00000| Untracked 
| 236|0x000000070ec00000, 0x000000070ec00000, 0x000000070ed00000|  0%| F|  |TAMS 0x000000070ec00000, 0x000000070ec00000| Untracked 
| 237|0x000000070ed00000, 0x000000070ed00000, 0x000000070ee00000|  0%| F|  |TAMS 0x000000070ed00000, 0x000000070ed00000| Untracked 
| 238|0x000000070ee00000, 0x000000070eeec0a8, 0x000000070ef00000| 92%| E|  |TAMS 0x000000070ee00000, 0x000000070ee00000| Complete 
| 239|0x000000070ef00000, 0x000000070f000000, 0x000000070f000000|100%| E|CS|TAMS 0x000000070ef00000, 0x000000070ef00000| Complete 
| 240|0x000000070f000000, 0x000000070f100000, 0x000000070f100000|100%| E|CS|TAMS 0x000000070f000000, 0x000000070f000000| Complete 
| 241|0x000000070f100000, 0x000000070f200000, 0x000000070f200000|100%| E|CS|TAMS 0x000000070f100000, 0x000000070f100000| Complete 
| 242|0x000000070f200000, 0x000000070f300000, 0x000000070f300000|100%| E|CS|TAMS 0x000000070f200000, 0x000000070f200000| Complete 
| 243|0x000000070f300000, 0x000000070f400000, 0x000000070f400000|100%| E|CS|TAMS 0x000000070f300000, 0x000000070f300000| Complete 
| 244|0x000000070f400000, 0x000000070f500000, 0x000000070f500000|100%| E|CS|TAMS 0x000000070f400000, 0x000000070f400000| Complete 
| 245|0x000000070f500000, 0x000000070f600000, 0x000000070f600000|100%| E|CS|TAMS 0x000000070f500000, 0x000000070f500000| Complete 
| 246|0x000000070f600000, 0x000000070f700000, 0x000000070f700000|100%| E|CS|TAMS 0x000000070f600000, 0x000000070f600000| Complete 
| 247|0x000000070f700000, 0x000000070f800000, 0x000000070f800000|100%| E|CS|TAMS 0x000000070f700000, 0x000000070f700000| Complete 
| 248|0x000000070f800000, 0x000000070f900000, 0x000000070f900000|100%| E|CS|TAMS 0x000000070f800000, 0x000000070f800000| Complete 
| 249|0x000000070f900000, 0x000000070fa00000, 0x000000070fa00000|100%| E|CS|TAMS 0x000000070f900000, 0x000000070f900000| Complete 
| 250|0x000000070fa00000, 0x000000070fb00000, 0x000000070fb00000|100%| E|  |TAMS 0x000000070fa00000, 0x000000070fa00000| Complete 
| 251|0x000000070fb00000, 0x000000070fc00000, 0x000000070fc00000|100%| E|CS|TAMS 0x000000070fb00000, 0x000000070fb00000| Complete 
| 252|0x000000070fc00000, 0x000000070fd00000, 0x000000070fd00000|100%| E|CS|TAMS 0x000000070fc00000, 0x000000070fc00000| Complete 
| 253|0x000000070fd00000, 0x000000070fe00000, 0x000000070fe00000|100%| E|CS|TAMS 0x000000070fd00000, 0x000000070fd00000| Complete 
| 254|0x000000070fe00000, 0x000000070ff00000, 0x000000070ff00000|100%| E|CS|TAMS 0x000000070fe00000, 0x000000070fe00000| Complete 
| 255|0x000000070ff00000, 0x0000000710000000, 0x0000000710000000|100%| E|CS|TAMS 0x000000070ff00000, 0x000000070ff00000| Complete 
|3070|0x00000007bfe00000, 0x00000007bfe51000, 0x00000007bff00000| 31%|OA|  |TAMS 0x00000007bfe00000, 0x00000007bfe00000| Untracked 
|3071|0x00000007bff00000, 0x00000007bff7b000, 0x00000007c0000000| 48%|CA|  |TAMS 0x00000007bff00000, 0x00000007bff00000| Untracked 

Card table byte_map: [0x000000012cc88000,0x000000012d488000] _byte_map_base: 0x0000000129488000

Marking Bits (Prev, Next): (CMBitMap*) 0x00007fafa283ac18, (CMBitMap*) 0x00007fafa283ac58
 Prev Bits: [0x000000012dc88000, 0x0000000131c88000)
 Next Bits: [0x0000000131c88000, 0x0000000135c88000)

Polling page: 0x000000010d411000

Metaspace:

Usage:
  Non-class:      5.15 MB capacity,     4.39 MB ( 85%) used,   774.91 KB ( 15%) free+waste,     8.81 KB ( <1%) overhead. 
      Class:    581.00 KB capacity,   507.00 KB ( 87%) used,    69.62 KB ( 12%) free+waste,     4.38 KB ( <1%) overhead. 
       Both:      5.72 MB capacity,     4.88 MB ( 85%) used,   844.54 KB ( 14%) free+waste,    13.19 KB ( <1%) overhead. 

Virtual space:
  Non-class space:        8.00 MB reserved,       5.25 MB ( 66%) committed 
      Class space:        1.00 GB reserved,     640.00 KB ( <1%) committed 
             Both:        1.01 GB reserved,       5.88 MB ( <1%) committed 

Chunk freelists:
   Non-Class:  3.00 KB
       Class:  7.00 KB
        Both:  10.00 KB

MaxMetaspaceSize: unlimited
CompressedClassSpaceSize: 1.00 GB

CodeHeap 'non-profiled nmethods': size=120028Kb used=290Kb max_used=290Kb free=119737Kb
 bounds [0x0000000124f51000, 0x00000001251c1000, 0x000000012c488000]
CodeHeap 'profiled nmethods': size=120028Kb used=1773Kb max_used=1773Kb free=118254Kb
 bounds [0x000000011da1a000, 0x000000011dc8a000, 0x0000000124f51000]
CodeHeap 'non-nmethods': size=5704Kb used=1218Kb max_used=1232Kb free=4485Kb
 bounds [0x000000011d488000, 0x000000011d6f8000, 0x000000011da1a000]
 total_blobs=1527 nmethods=906 adapters=315
 compilation: enabled
              stopped_count=0, restarted_count=0
 full_count=0

Compilation events (20 events):
Event: 0.513 Thread 0x00007fafa3816800 nmethod 896 0x000000011dbd3010 code [0x000000011dbd31a0, 0x000000011dbd33a0]
Event: 0.513 Thread 0x00007fafa3816800  901       1       java.lang.Enum::toString (5 bytes)
Event: 0.513 Thread 0x00007fafa3816800 nmethod 901 0x0000000124f98b90 code [0x0000000124f98d20, 0x0000000124f98df0]
Event: 0.513 Thread 0x00007fafa3816800  902       3       jdk.internal.reflect.ClassFileAssembler::setStack (25 bytes)
Event: 0.513 Thread 0x00007fafa3816800 nmethod 902 0x000000011dbd3490 code [0x000000011dbd3620, 0x000000011dbd3770]
Event: 0.514 Thread 0x00007fafa3816800  903       3       java.nio.ByteBuffer::array (35 bytes)
Event: 0.514 Thread 0x00007fafa3816800 nmethod 903 0x000000011dbd3810 code [0x000000011dbd39e0, 0x000000011dbd3cf0]
Event: 0.514 Thread 0x00007fafa3816800  904       3       jdk.internal.reflect.DelegatingConstructorAccessorImpl::newInstance (9 bytes)
Event: 0.514 Thread 0x00007fafa3816800 nmethod 904 0x000000011dbd3e90 code [0x000000011dbd4020, 0x000000011dbd4220]
Event: 0.514 Thread 0x00007fafa3816800  905       3       java.nio.ByteOrder::nativeOrder (4 bytes)
Event: 0.514 Thread 0x00007fafa3816800 nmethod 905 0x000000011dbd4310 code [0x000000011dbd44a0, 0x000000011dbd4590]
Event: 0.520 Thread 0x00007fafa1818000 nmethod 893 0x0000000124f98e90 code [0x0000000124f99060, 0x0000000124f994b8]
Event: 0.520 Thread 0x00007fafa1818000  900       4       java.lang.String::checkBoundsOffCount (64 bytes)
Event: 0.520 Thread 0x00007fafa1818000 nmethod 900 0x0000000124f99610 code [0x0000000124f997a0, 0x0000000124f99878]
Event: 51.059 Thread 0x00007fafa3816800  906       3       org.eclipse.jdt.launching.internal.org.objectweb.asm.ClassReader::accept (1383 bytes)
Event: 51.073 Thread 0x00007fafa3816800 

Event: 215.939 Thread 0x00007fafa3816800  907       3       org.eclipse.jdt.launching.internal.org.objectweb.asm.FieldWriter::computeFieldInfoSize (86 bytes)
Event: 215.944 Thread 0x00007fafa3816800 

Event: 215.945 Thread 0x00007fafa3816800  908       3       org.eclipse.jdt.launching.internal.org.objectweb.asm.FieldWriter::putFieldInfo (269 bytes)
Event: 215.946 Thread 0x00007fafa3816800 nmethod 908 0x000000011dbd4610 code [0x000000011dbd4880, 0x000000011dbd52a0]

GC Heap History (0 events):
No events

Deoptimization events (20 events):
Event: 0.361 Thread 0x00007fafa4009000 DEOPT PACKING pc=0x000000011da744f5 sp=0x000070000412c080
Event: 0.361 Thread 0x00007fafa4009000 DEOPT UNPACKING pc=0x000000011d4d133a sp=0x000070000412b500 mode 0
Event: 0.363 Thread 0x00007fafa4009000 DEOPT PACKING pc=0x000000011da4eeaf sp=0x000070000412beb0
Event: 0.363 Thread 0x00007fafa4009000 DEOPT UNPACKING pc=0x000000011d4d133a sp=0x000070000412b370 mode 0
Event: 0.484 Thread 0x00007fafa4009000 Uncommon trap: trap_request=0xffffff45 fr.pc=0x0000000124f84bf4 relative=0x0000000000000474
Event: 0.484 Thread 0x00007fafa4009000 Uncommon trap: reason=unstable_if action=reinterpret pc=0x0000000124f84bf4 method=java.lang.String.checkBoundsBeginEnd(III)V @ 6 c2
Event: 0.484 Thread 0x00007fafa4009000 DEOPT PACKING pc=0x0000000124f84bf4 sp=0x000070000412ec50
Event: 0.484 Thread 0x00007fafa4009000 DEOPT UNPACKING pc=0x000000011d4d0e25 sp=0x000070000412ebd8 mode 2
Event: 0.486 Thread 0x00007fafa4009000 DEOPT PACKING pc=0x000000011da47ea4 sp=0x000070000412eb70
Event: 0.486 Thread 0x00007fafa4009000 DEOPT UNPACKING pc=0x000000011d4d133a sp=0x000070000412e0e8 mode 1
Event: 0.488 Thread 0x00007fafa4009000 DEOPT PACKING pc=0x000000011da47ea4 sp=0x000070000412efe0
Event: 0.488 Thread 0x00007fafa4009000 DEOPT UNPACKING pc=0x000000011d4d133a sp=0x000070000412e558 mode 1
Event: 0.489 Thread 0x00007fafa4009000 DEOPT PACKING pc=0x000000011da47ea4 sp=0x000070000412efe0
Event: 0.489 Thread 0x00007fafa4009000 DEOPT UNPACKING pc=0x000000011d4d133a sp=0x000070000412e558 mode 1
Event: 0.490 Thread 0x00007fafa4009000 DEOPT PACKING pc=0x000000011da47ea4 sp=0x000070000412efe0
Event: 0.490 Thread 0x00007fafa4009000 DEOPT UNPACKING pc=0x000000011d4d133a sp=0x000070000412e558 mode 1
Event: 0.510 Thread 0x00007fafa4009000 DEOPT PACKING pc=0x000000011da47ea4 sp=0x000070000412eb20
Event: 0.510 Thread 0x00007fafa4009000 DEOPT UNPACKING pc=0x000000011d4d133a sp=0x000070000412e080 mode 1
Event: 0.510 Thread 0x00007fafa4009000 DEOPT PACKING pc=0x000000011dbbe404 sp=0x000070000412ec10
Event: 0.510 Thread 0x00007fafa4009000 DEOPT UNPACKING pc=0x000000011d4d133a sp=0x000070000412e148 mode 1

Classes unloaded (0 events):
No events

Classes redefined (4 events):
Event: 51.061 Thread 0x00007fafa20c4000 redefined class name=FHsdTree, count=1
Event: 51.061 Thread 0x00007fafa20c4000 redefined class name=FHsdTreeNode, count=1
Event: 215.941 Thread 0x00007fafa20c4000 redefined class name=FHsdTree, count=2
Event: 215.941 Thread 0x00007fafa20c4000 redefined class name=FHsdTreeNode, count=2

Internal exceptions (8 events):
Event: 0.400 Thread 0x00007fafa4009000 Exception <a 'java/lang/IncompatibleClassChangeError'{0x000000070f4fe438}: Found class java.lang.Object, but interface was expected> (0x000000070f4fe438) 
thrown [./open/src/hotspot/share/interpreter/linkResolver.cpp, line 832]
Event: 0.422 Thread 0x00007fafa4009000 Exception <a 'java/lang/NoSuchMethodError'{0x000000070f22b5e8}: 'int java.lang.invoke.DirectMethodHandle$Holder.invokeSpecialIFC(java.lang.Object, java.lang.Object, int)'> (0x000000070f22b5e8) 
thrown [./open/src/hotspot/share/interpreter/linkResolver.cpp, line 766]
Event: 0.484 Thread 0x00007fafa4009000 Exception <a 'java/lang/reflect/InvocationTargetException'{0x000000070ef0a688}> (0x000000070ef0a688) 
thrown [./open/src/hotspot/share/runtime/reflection.cpp, line 1188]
Event: 0.486 Thread 0x00007fafa4009000 Exception <a 'java/lang/reflect/InvocationTargetException'{0x000000070ef26198}> (0x000000070ef26198) 
thrown [./open/src/hotspot/share/runtime/reflection.cpp, line 1188]
Event: 0.493 Thread 0x00007fafa4009000 Exception <a 'java/lang/reflect/InvocationTargetException'{0x000000070efbed00}> (0x000000070efbed00) 
thrown [./open/src/hotspot/share/runtime/reflection.cpp, line 1188]
Event: 0.504 Thread 0x00007fafa4009000 Exception <a 'java/lang/reflect/InvocationTargetException'{0x000000070ee36db0}> (0x000000070ee36db0) 
thrown [./open/src/hotspot/share/runtime/reflection.cpp, line 1188]
Event: 0.507 Thread 0x00007fafa4009000 Exception <a 'java/lang/reflect/InvocationTargetException'{0x000000070ee52788}> (0x000000070ee52788) 
thrown [./open/src/hotspot/share/runtime/reflection.cpp, line 1188]
Event: 0.510 Thread 0x00007fafa4009000 Exception <a 'java/lang/reflect/InvocationTargetException'{0x000000070ee70320}> (0x000000070ee70320) 
thrown [./open/src/hotspot/share/runtime/reflection.cpp, line 1188]

Events (20 events):
Event: 112.292 Executing VM operation: GetOwnedMonitorInfo
Event: 112.292 Executing VM operation: GetOwnedMonitorInfo done
Event: 215.939 Executing VM operation: RedefineClasses
Event: 215.944 Executing VM operation: RedefineClasses done
Event: 215.956 Executing VM operation: ChangeBreakpoints
Event: 215.958 Executing VM operation: ChangeBreakpoints done
Event: 215.966 Executing VM operation: ChangeBreakpoints
Event: 215.967 Executing VM operation: ChangeBreakpoints done
Event: 215.968 Executing VM operation: GetFrameCount
Event: 215.968 Executing VM operation: GetFrameCount done
Event: 215.968 Executing VM operation: GetStackTrace
Event: 215.968 Executing VM operation: GetStackTrace done
Event: 216.659 Executing VM operation: GetFrameCount
Event: 216.660 Executing VM operation: GetFrameCount done
Event: 216.660 Executing VM operation: GetOwnedMonitorInfo
Event: 216.660 Executing VM operation: GetOwnedMonitorInfo done
Event: 216.660 Executing VM operation: GetCurrentContendedMonitor
Event: 216.660 Executing VM operation: GetCurrentContendedMonitor done
Event: 216.665 Executing VM operation: GetFrameLocation
Event: 216.665 Executing VM operation: GetFrameLocation done


Dynamic libraries:
0x00007fff2a428000 	/usr/lib/libz.1.dylib
0x000000010d3d7000 	/Library/Java/JavaVirtualMachines/jdk-14.0.1.jdk/Contents/Home/lib/libjli.dylib
0x00007fff34f00000 	/System/Library/Frameworks/Cocoa.framework/Versions/A/Cocoa
0x00007fff221bb000 	/System/Library/Frameworks/Security.framework/Versions/A/Security
0x00007fff3314f000 	/System/Library/Frameworks/ApplicationServices.framework/Versions/A/ApplicationServices
0x00007fff2a4f0000 	/usr/lib/libSystem.B.dylib
0x00007fff2a4ea000 	/usr/lib/system/libcache.dylib
0x00007fff2a4a6000 	/usr/lib/system/libcommonCrypto.dylib
0x00007fff2a4d0000 	/usr/lib/system/libcompiler_rt.dylib
0x00007fff2a4c5000 	/usr/lib/system/libcopyfile.dylib
0x00007fff20097000 	/usr/lib/system/libcorecrypto.dylib
0x00007fff20160000 	/usr/lib/system/libdispatch.dylib
0x00007fff20314000 	/usr/lib/system/libdyld.dylib
0x00007fff2a4e1000 	/usr/lib/system/libkeymgr.dylib
0x00007fff2d91b000 	/usr/lib/system/liblaunch.dylib
0x00007fff2a484000 	/usr/lib/system/libmacho.dylib
0x00007fff29c9f000 	/usr/lib/system/libquarantine.dylib
0x00007fff2a4de000 	/usr/lib/system/libremovefile.dylib
0x00007fff24b48000 	/usr/lib/system/libsystem_asl.dylib
0x00007fff20047000 	/usr/lib/system/libsystem_blocks.dylib
0x00007fff201e1000 	/usr/lib/system/libsystem_c.dylib
0x00007fff2a4d8000 	/usr/lib/system/libsystem_collections.dylib
0x00007fff28f94000 	/usr/lib/system/libsystem_configuration.dylib
0x00007fff28285000 	/usr/lib/system/libsystem_containermanager.dylib
0x00007fff2a220000 	/usr/lib/system/libsystem_coreservices.dylib
0x00007fff2276d000 	/usr/lib/system/libsystem_darwin.dylib
0x00007fff2a4e2000 	/usr/lib/system/libsystem_dnssd.dylib
0x00007fff201de000 	/usr/lib/system/libsystem_featureflags.dylib
0x00007fff20359000 	/usr/lib/system/libsystem_info.dylib
0x00007fff2a43b000 	/usr/lib/system/libsystem_m.dylib
0x00007fff20133000 	/usr/lib/system/libsystem_malloc.dylib
0x00007fff24adc000 	/usr/lib/system/libsystem_networkextension.dylib
0x00007fff22b87000 	/usr/lib/system/libsystem_notify.dylib
0x00007fff2fdb9000 	/usr/lib/system/libsystem_product_info_filter.dylib
0x00007fff28f98000 	/usr/lib/system/libsystem_sandbox.dylib
0x00007fff2a4db000 	/usr/lib/system/libsystem_secinit.dylib
0x00007fff202d9000 	/usr/lib/system/libsystem_kernel.dylib
0x00007fff2034f000 	/usr/lib/system/libsystem_platform.dylib
0x00007fff20308000 	/usr/lib/system/libsystem_pthread.dylib
0x00007fff2623e000 	/usr/lib/system/libsystem_symptoms.dylib
0x00007fff2007f000 	/usr/lib/system/libsystem_trace.dylib
0x00007fff2a4b2000 	/usr/lib/system/libunwind.dylib
0x00007fff20049000 	/usr/lib/system/libxpc.dylib
0x00007fff202c0000 	/usr/lib/libc++abi.dylib
0x00007fff201a5000 	/usr/lib/libobjc.A.dylib
0x00007fff2a4bd000 	/usr/lib/liboah.dylib
0x00007fff2026a000 	/usr/lib/libc++.1.dylib
0x00007fff20385000 	/System/Library/Frameworks/CoreFoundation.framework/Versions/A/CoreFoundation
0x00007fff2112f000 	/System/Library/Frameworks/Foundation.framework/Versions/C/Foundation
0x00007fff22bdf000 	/System/Library/Frameworks/AppKit.framework/Versions/C/AppKit
0x00007fff25a68000 	/System/Library/Frameworks/CoreData.framework/Versions/A/CoreData
0x00007fff2393c000 	/System/Library/PrivateFrameworks/UIFoundation.framework/Versions/A/UIFoundation
0x00007fff2fb32000 	/System/Library/PrivateFrameworks/RemoteViewServices.framework/Versions/A/RemoteViewServices
0x00007fff28954000 	/System/Library/PrivateFrameworks/XCTTargetBootstrap.framework/Versions/A/XCTTargetBootstrap
0x00007fff2b62f000 	/usr/lib/libspindump.dylib
0x00007fff23b90000 	/System/Library/Frameworks/UniformTypeIdentifiers.framework/Versions/A/UniformTypeIdentifiers
0x00007fff27126000 	/usr/lib/libapp_launch_measurement.dylib
0x00007fff27129000 	/System/Library/PrivateFrameworks/CoreAutoLayout.framework/Versions/A/CoreAutoLayout
0x00007fff282b5000 	/System/Library/Frameworks/Metal.framework/Versions/A/Metal
0x00007fff28fa3000 	/usr/lib/liblangid.dylib
0x00007fff28958000 	/System/Library/PrivateFrameworks/CoreSVG.framework/Versions/A/CoreSVG
0x00007fff24b77000 	/System/Library/PrivateFrameworks/SkyLight.framework/Versions/A/SkyLight
0x00007fff24ed6000 	/System/Library/Frameworks/CoreGraphics.framework/Versions/A/CoreGraphics
0x00007fff30189000 	/System/Library/Frameworks/Accelerate.framework/Versions/A/Accelerate
0x00007fff2b06a000 	/System/Library/PrivateFrameworks/IconServices.framework/Versions/A/IconServices
0x00007fff28296000 	/System/Library/Frameworks/IOSurface.framework/Versions/A/IOSurface
0x00007fff263f0000 	/usr/lib/libDiagnosticMessagesClient.dylib
0x00007fff28940000 	/System/Library/PrivateFrameworks/DFRFoundation.framework/Versions/A/DFRFoundation
0x00007fff2250b000 	/usr/lib/libicucore.A.dylib
0x00007fff2cb6c000 	/System/Library/Frameworks/AudioToolbox.framework/Versions/A/AudioToolbox
0x00007fff2be17000 	/System/Library/PrivateFrameworks/DataDetectorsCore.framework/Versions/A/DataDetectorsCore
0x00007fff28640000 	/System/Library/Frameworks/Carbon.framework/Versions/A/Frameworks/HIToolbox.framework/Versions/A/HIToolbox
0x00007fff26b89000 	/System/Library/Frameworks/QuartzCore.framework/Versions/A/QuartzCore
0x00007fff2fb6e000 	/System/Library/Frameworks/Carbon.framework/Versions/A/Frameworks/SpeechRecognition.framework/Versions/A/SpeechRecognition
0x00007fff26e8e000 	/System/Library/PrivateFrameworks/CoreUI.framework/Versions/A/CoreUI
0x00007fff21b17000 	/System/Library/Frameworks/CoreAudio.framework/Versions/A/CoreAudio
0x00007fff264db000 	/System/Library/Frameworks/DiskArbitration.framework/Versions/A/DiskArbitration
0x00007fff2ba28000 	/System/Library/PrivateFrameworks/MultitouchSupport.framework/Versions/A/MultitouchSupport
0x00007fff2be0e000 	/System/Library/PrivateFrameworks/InternationalSupport.framework/Versions/A/InternationalSupport
0x00007fff24aeb000 	/usr/lib/libenergytrace.dylib
0x00007fff22ad9000 	/System/Library/Frameworks/IOKit.framework/Versions/A/IOKit
0x00007fff2febb000 	/System/Library/Frameworks/CoreServices.framework/Versions/A/CoreServices
0x00007fff270bc000 	/System/Library/PrivateFrameworks/PerformanceAnalysis.framework/Versions/A/PerformanceAnalysis
0x00007fff6b3a3000 	/System/Library/Frameworks/OpenGL.framework/Versions/A/OpenGL
0x00007fff2be93000 	/System/Library/PrivateFrameworks/UserActivity.framework/Versions/A/UserActivity
0x00007fff2556a000 	/System/Library/Frameworks/ColorSync.framework/Versions/A/ColorSync
0x00007fff28bbc000 	/System/Library/Frameworks/CoreImage.framework/Versions/A/CoreImage
0x00007fff2192d000 	/System/Library/Frameworks/CoreText.framework/Versions/A/CoreText
0x00007fff28982000 	/System/Library/Frameworks/ImageIO.framework/Versions/A/ImageIO
0x00007fff2a4f6000 	/System/Library/PrivateFrameworks/SoftLinking.framework/Versions/A/SoftLinking
0x00007fff27172000 	/usr/lib/libxml2.2.dylib
0x00007fff2a768000 	/usr/lib/libcompression.dylib
0x00007fff24aec000 	/usr/lib/libMobileGestalt.dylib
0x00007fff2bd41000 	/System/Library/PrivateFrameworks/TextureIO.framework/Versions/A/TextureIO
0x00007fff2ad8e000 	/usr/lib/libate.dylib
0x00007fff2ab73000 	/usr/lib/liblzma.5.dylib
0x00007fff20e45000 	/System/Library/Frameworks/SystemConfiguration.framework/Versions/A/SystemConfiguration
0x00007fff2a4f2000 	/usr/lib/libfakelink.dylib
0x00007fff2463e000 	/System/Library/Frameworks/CFNetwork.framework/Versions/A/CFNetwork
0x00007fff2a632000 	/usr/lib/libarchive.2.dylib
0x00007fff20ec2000 	/usr/lib/libCRFSuite.dylib
0x00007fff29cc6000 	/usr/lib/libbsm.0.dylib
0x00007fff23ffa000 	/usr/lib/libnetwork.dylib
0x00007fff2a4f7000 	/usr/lib/libpcap.A.dylib
0x00007fff26237000 	/usr/lib/libdns_services.dylib
0x00007fff2ab8c000 	/usr/lib/libcoretls_cfhelpers.dylib
0x00007fff2a736000 	/usr/lib/libapple_nghttp2.dylib
0x00007fff2a48a000 	/usr/lib/system/libkxld.dylib
0x00007fff25e9d000 	/usr/lib/libsqlite3.dylib
0x00007fff2a202000 	/System/Library/PrivateFrameworks/AppleFSCompression.framework/Versions/A/AppleFSCompression
0x00007fff29cae000 	/usr/lib/libcoretls.dylib
0x00007fff2a763000 	/usr/lib/libpam.2.dylib
0x00007fff2ac89000 	/usr/lib/libxar.1.dylib
0x00007fff28f9f000 	/System/Library/PrivateFrameworks/AppleSystemInfo.framework/Versions/A/AppleSystemInfo
0x00007fff298f1000 	/System/Library/PrivateFrameworks/IOMobileFramebuffer.framework/Versions/A/IOMobileFramebuffer
0x00007fff2a212000 	/usr/lib/libbz2.1.0.dylib
0x00007fff2a52f000 	/usr/lib/libiconv.2.dylib
0x00007fff2a483000 	/usr/lib/libcharset.1.dylib
0x00007fff270f8000 	/System/Library/Frameworks/CoreServices.framework/Versions/A/Frameworks/FSEvents.framework/Versions/A/FSEvents
0x00007fff22777000 	/System/Library/Frameworks/CoreServices.framework/Versions/A/Frameworks/CarbonCore.framework/Versions/A/CarbonCore
0x00007fff26440000 	/System/Library/Frameworks/CoreServices.framework/Versions/A/Frameworks/Metadata.framework/Versions/A/Metadata
0x00007fff2a225000 	/System/Library/Frameworks/CoreServices.framework/Versions/A/Frameworks/OSServices.framework/Versions/A/OSServices
0x00007fff2a6a4000 	/System/Library/Frameworks/CoreServices.framework/Versions/A/Frameworks/SearchKit.framework/Versions/A/SearchKit
0x00007fff261c1000 	/System/Library/Frameworks/CoreServices.framework/Versions/A/Frameworks/AE.framework/Versions/A/AE
0x00007fff20821000 	/System/Library/Frameworks/CoreServices.framework/Versions/A/Frameworks/LaunchServices.framework/Versions/A/LaunchServices
0x00007fff2ab24000 	/System/Library/Frameworks/CoreServices.framework/Versions/A/Frameworks/DictionaryServices.framework/Versions/A/DictionaryServices
0x00007fff27101000 	/System/Library/Frameworks/CoreServices.framework/Versions/A/Frameworks/SharedFileList.framework/Versions/A/SharedFileList
0x00007fff29ca2000 	/usr/lib/libCheckFix.dylib
0x00007fff24b5f000 	/System/Library/PrivateFrameworks/TCC.framework/Versions/A/TCC
0x00007fff28fa5000 	/System/Library/PrivateFrameworks/CoreNLP.framework/Versions/A/CoreNLP
0x00007fff263f3000 	/System/Library/PrivateFrameworks/MetadataUtilities.framework/Versions/A/MetadataUtilities
0x00007fff20ef8000 	/usr/lib/libmecabra.dylib
0x00007fff29fb5000 	/System/Library/Frameworks/MLCompute.framework/Versions/A/MLCompute
0x00007fff29cd7000 	/usr/lib/libmecab.dylib
0x00007fff29d21000 	/usr/lib/libgermantok.dylib
0x00007fff2a70c000 	/usr/lib/libThaiTokenizer.dylib
0x00007fff2acc4000 	/usr/lib/libChineseTokenizer.dylib
0x00007fff2a761000 	/System/Library/Frameworks/MetalPerformanceShaders.framework/Versions/A/MetalPerformanceShaders
0x00007fff264e2000 	/System/Library/Frameworks/Accelerate.framework/Versions/A/Frameworks/vImage.framework/Versions/A/vImage
0x00007fff2fe94000 	/System/Library/Frameworks/Accelerate.framework/Versions/A/Frameworks/vecLib.framework/Versions/A/vecLib
0x00007fff2accf000 	/System/Library/Frameworks/Accelerate.framework/Versions/A/Frameworks/vecLib.framework/Versions/A/libvMisc.dylib
0x00007fff2970a000 	/System/Library/Frameworks/Accelerate.framework/Versions/A/Frameworks/vecLib.framework/Versions/A/libvDSP.dylib
0x00007fff20b24000 	/System/Library/Frameworks/Accelerate.framework/Versions/A/Frameworks/vecLib.framework/Versions/A/libBLAS.dylib
0x00007fff2a787000 	/System/Library/Frameworks/Accelerate.framework/Versions/A/Frameworks/vecLib.framework/Versions/A/libLAPACK.dylib
0x00007fff29d27000 	/System/Library/Frameworks/Accelerate.framework/Versions/A/Frameworks/vecLib.framework/Versions/A/libLinearAlgebra.dylib
0x00007fff2a74e000 	/System/Library/Frameworks/Accelerate.framework/Versions/A/Frameworks/vecLib.framework/Versions/A/libSparseBLAS.dylib
0x00007fff2a781000 	/System/Library/Frameworks/Accelerate.framework/Versions/A/Frameworks/vecLib.framework/Versions/A/libQuadrature.dylib
0x00007fff2904d000 	/System/Library/Frameworks/Accelerate.framework/Versions/A/Frameworks/vecLib.framework/Versions/A/libBNNS.dylib
0x00007fff20dd6000 	/System/Library/Frameworks/Accelerate.framework/Versions/A/Frameworks/vecLib.framework/Versions/A/libSparse.dylib
0x00007fff28f38000 	/System/Library/Frameworks/MetalPerformanceShaders.framework/Versions/A/Frameworks/MPSCore.framework/Versions/A/MPSCore
0x00007fff2a171000 	/System/Library/Frameworks/MetalPerformanceShaders.framework/Versions/A/Frameworks/MPSImage.framework/Versions/A/MPSImage
0x00007fff29d3d000 	/System/Library/Frameworks/MetalPerformanceShaders.framework/Versions/A/Frameworks/MPSNeuralNetwork.framework/Versions/A/MPSNeuralNetwork
0x00007fff2a0fc000 	/System/Library/Frameworks/MetalPerformanceShaders.framework/Versions/A/Frameworks/MPSMatrix.framework/Versions/A/MPSMatrix
0x00007fff29f65000 	/System/Library/Frameworks/MetalPerformanceShaders.framework/Versions/A/Frameworks/MPSRayIntersector.framework/Versions/A/MPSRayIntersector
0x00007fff2a133000 	/System/Library/Frameworks/MetalPerformanceShaders.framework/Versions/A/Frameworks/MPSNDArray.framework/Versions/A/MPSNDArray
0x00007fff20a50000 	/System/Library/PrivateFrameworks/MetalTools.framework/Versions/A/MetalTools
0x00007fff28f9d000 	/System/Library/PrivateFrameworks/AggregateDictionary.framework/Versions/A/AggregateDictionary
0x00007fff263cb000 	/System/Library/PrivateFrameworks/CoreAnalytics.framework/Versions/A/CoreAnalytics
0x00007fff2a70e000 	/System/Library/PrivateFrameworks/AppleSauce.framework/Versions/A/AppleSauce
0x00007fff282a8000 	/System/Library/PrivateFrameworks/IOAccelerator.framework/Versions/A/IOAccelerator
0x00007fff6b397000 	/System/Library/Frameworks/OpenGL.framework/Versions/A/Libraries/libCoreFSCache.dylib
0x00007fff21493000 	/System/Library/PrivateFrameworks/LanguageModeling.framework/Versions/A/LanguageModeling
0x00007fff298de000 	/System/Library/PrivateFrameworks/CoreEmoji.framework/Versions/A/CoreEmoji
0x00007fff29046000 	/System/Library/PrivateFrameworks/LinguisticData.framework/Versions/A/LinguisticData
0x00007fff20d88000 	/System/Library/PrivateFrameworks/Lexicon.framework/Versions/A/Lexicon
0x00007fff2a620000 	/usr/lib/libcmph.dylib
0x00007fff270d8000 	/System/Library/Frameworks/OpenDirectory.framework/Versions/A/Frameworks/CFOpenDirectory.framework/Versions/A/CFOpenDirectory
0x00007fff270c8000 	/System/Library/Frameworks/OpenDirectory.framework/Versions/A/OpenDirectory
0x00007fff2ab8e000 	/System/Library/PrivateFrameworks/APFS.framework/Versions/A/APFS
0x00007fff29c03000 	/System/Library/Frameworks/SecurityFoundation.framework/Versions/A/SecurityFoundation
0x00007fff2ac97000 	/usr/lib/libutil.dylib
0x00007fff22a9e000 	/System/Library/PrivateFrameworks/CoreServicesStore.framework/Versions/A/CoreServicesStore
0x00007fff29c9a000 	/System/Library/Frameworks/ServiceManagement.framework/Versions/A/ServiceManagement
0x00007fff2ac9b000 	/usr/lib/libxslt.1.dylib
0x00007fff29c90000 	/System/Library/PrivateFrameworks/BackgroundTaskManagement.framework/Versions/A/BackgroundTaskManagement
0x00007fff2bc8b000 	/System/Library/Frameworks/ImageIO.framework/Versions/A/Resources/libRadiance.dylib
0x00007fff2bc95000 	/System/Library/Frameworks/ImageIO.framework/Versions/A/Resources/libJPEG.dylib
0x00007fff2bbe2000 	/System/Library/Frameworks/ImageIO.framework/Versions/A/Resources/libPng.dylib
0x00007fff2bc09000 	/System/Library/Frameworks/ImageIO.framework/Versions/A/Resources/libTIFF.dylib
0x00007fff2bcea000 	/System/Library/Frameworks/ImageIO.framework/Versions/A/Resources/libGIF.dylib
0x00007fff2b945000 	/System/Library/Frameworks/ImageIO.framework/Versions/A/Resources/libJP2.dylib
0x00007fff2b031000 	/usr/lib/libexpat.1.dylib
0x00007fff2b8fb000 	/System/Library/PrivateFrameworks/AppleJPEG.framework/Versions/A/AppleJPEG
0x00007fff284e3000 	/System/Library/PrivateFrameworks/FontServices.framework/libFontParser.dylib
0x00007fff26175000 	/System/Library/PrivateFrameworks/RunningBoardServices.framework/Versions/A/RunningBoardServices
0x00007fff2ba24000 	/System/Library/PrivateFrameworks/WatchdogClient.framework/Versions/A/WatchdogClient
0x00007fff21580000 	/System/Library/Frameworks/CoreDisplay.framework/Versions/A/CoreDisplay
0x00007fff283f8000 	/System/Library/Frameworks/CoreMedia.framework/Versions/A/CoreMedia
0x00007fff27255000 	/System/Library/Frameworks/CoreVideo.framework/Versions/A/CoreVideo
0x00007fff2ba5c000 	/System/Library/Frameworks/VideoToolbox.framework/Versions/A/VideoToolbox
0x00007fff260f3000 	/System/Library/PrivateFrameworks/BaseBoard.framework/Versions/A/BaseBoard
0x00007fff2b176000 	/System/Library/PrivateFrameworks/PersistentConnection.framework/Versions/A/PersistentConnection
0x00007fff25e86000 	/System/Library/PrivateFrameworks/ProtocolBuffer.framework/Versions/A/ProtocolBuffer
0x00007fff260da000 	/System/Library/PrivateFrameworks/CommonUtilities.framework/Versions/A/CommonUtilities
0x00007fff2b890000 	/System/Library/PrivateFrameworks/Bom.framework/Versions/A/Bom
0x00007fff2bc84000 	/System/Library/PrivateFrameworks/GPUWrangler.framework/Versions/A/GPUWrangler
0x00007fff2bc67000 	/System/Library/PrivateFrameworks/IOPresentment.framework/Versions/A/IOPresentment
0x00007fff2bc8f000 	/System/Library/PrivateFrameworks/DSExternalDisplay.framework/Versions/A/DSExternalDisplay
0x00007fff2bcef000 	/System/Library/PrivateFrameworks/CMCaptureCore.framework/Versions/A/CMCaptureCore
0x00007fff2b616000 	/System/Library/PrivateFrameworks/AppServerSupport.framework/Versions/A/AppServerSupport
0x00007fff2d6bc000 	/System/Library/PrivateFrameworks/perfdata.framework/Versions/A/perfdata
0x00007fff29bf2000 	/System/Library/PrivateFrameworks/AssertionServices.framework/Versions/A/AssertionServices
0x00007fff216b7000 	/System/Library/PrivateFrameworks/AudioToolboxCore.framework/Versions/A/AudioToolboxCore
0x00007fff283db000 	/System/Library/PrivateFrameworks/caulk.framework/Versions/A/caulk
0x00007fff3c956000 	/System/Library/PrivateFrameworks/SystemPolicy.framework/Versions/A/SystemPolicy
0x00007fff2ae27000 	/usr/lib/libIOReport.dylib
0x00007fff2cede000 	/usr/lib/libSMC.dylib
0x00007fff2bbaf000 	/usr/lib/libAudioToolboxUtility.dylib
0x00007fff3d2bb000 	/usr/lib/libmis.dylib
0x00007fff6b3f3000 	/System/Library/Frameworks/OpenGL.framework/Versions/A/Libraries/libGLU.dylib
0x00007fff6b3b6000 	/System/Library/Frameworks/OpenGL.framework/Versions/A/Libraries/libGFXShared.dylib
0x00007fff6b5c5000 	/System/Library/Frameworks/OpenGL.framework/Versions/A/Libraries/libGL.dylib
0x00007fff6b3bf000 	/System/Library/Frameworks/OpenGL.framework/Versions/A/Libraries/libGLImage.dylib
0x00007fff6b3b3000 	/System/Library/Frameworks/OpenGL.framework/Versions/A/Libraries/libCVMSPluginSupport.dylib
0x00007fff6b39e000 	/System/Library/Frameworks/OpenGL.framework/Versions/A/Libraries/libCoreVMClient.dylib
0x00007fff6ca06000 	/System/Library/Frameworks/OpenCL.framework/Versions/A/OpenCL
0x00007fff2b1a0000 	/System/Library/PrivateFrameworks/GraphVisualizer.framework/Versions/A/GraphVisualizer
0x00007fff2b1af000 	/System/Library/PrivateFrameworks/FaceCore.framework/Versions/A/FaceCore
0x00007fff2b5cb000 	/System/Library/PrivateFrameworks/OTSVG.framework/Versions/A/OTSVG
0x00007fff26e4c000 	/System/Library/Frameworks/ApplicationServices.framework/Versions/A/Frameworks/ATS.framework/Versions/A/Resources/libFontRegistry.dylib
0x00007fff2b61d000 	/System/Library/PrivateFrameworks/FontServices.framework/libhvf.dylib
0x00007fff2afdd000 	/System/Library/PrivateFrameworks/AppleVA.framework/Versions/A/AppleVA
0x00007fff2cd27000 	/System/Library/Frameworks/ApplicationServices.framework/Versions/A/Frameworks/ATS.framework/Versions/A/ATS
0x00007fff2d039000 	/System/Library/Frameworks/ApplicationServices.framework/Versions/A/Frameworks/ColorSyncLegacy.framework/Versions/A/ColorSyncLegacy
0x00007fff25661000 	/System/Library/Frameworks/ApplicationServices.framework/Versions/A/Frameworks/HIServices.framework/Versions/A/HIServices
0x00007fff2d01e000 	/System/Library/Frameworks/ApplicationServices.framework/Versions/A/Frameworks/LangAnalysis.framework/Versions/A/LangAnalysis
0x00007fff2bcf9000 	/System/Library/Frameworks/ApplicationServices.framework/Versions/A/Frameworks/PrintCore.framework/Versions/A/PrintCore
0x00007fff2d041000 	/System/Library/Frameworks/ApplicationServices.framework/Versions/A/Frameworks/QD.framework/Versions/A/QD
0x00007fff2cd17000 	/System/Library/Frameworks/ApplicationServices.framework/Versions/A/Frameworks/SpeechSynthesis.framework/Versions/A/SpeechSynthesis
0x00007fff2bcba000 	/System/Library/Frameworks/ApplicationServices.framework/Versions/A/Frameworks/ATSUI.framework/Versions/A/ATSUI
0x00007fff2cfbe000 	/usr/lib/libcups.2.dylib
0x00007fff2d02e000 	/System/Library/PrivateFrameworks/NetAuth.framework/Versions/A/NetAuth
0x00007fff2d6d8000 	/System/Library/Frameworks/Kerberos.framework/Versions/A/Kerberos
0x00007fff2d6e8000 	/System/Library/Frameworks/GSS.framework/Versions/A/GSS
0x00007fff2cd93000 	/usr/lib/libresolv.9.dylib
0x00007fff2b632000 	/System/Library/PrivateFrameworks/Heimdal.framework/Versions/A/Heimdal
0x00007fff3344f000 	/System/Library/Frameworks/Kerberos.framework/Versions/A/Libraries/libHeimdalProxy.dylib
0x00007fff26246000 	/System/Library/Frameworks/Network.framework/Versions/A/Network
0x00007fff2b04b000 	/usr/lib/libheimdal-asn1.dylib
0x00007fff2d738000 	/System/Library/PrivateFrameworks/CommonAuth.framework/Versions/A/CommonAuth
0x00007fff272a2000 	/System/Library/PrivateFrameworks/login.framework/Versions/A/Frameworks/loginsupport.framework/Versions/A/loginsupport
0x00007fff2cc9c000 	/System/Library/PrivateFrameworks/AudioSession.framework/Versions/A/AudioSession
0x00007fff2cd04000 	/usr/lib/libAudioStatistics.dylib
0x00007fff2b0d8000 	/System/Library/PrivateFrameworks/MediaExperience.framework/Versions/A/MediaExperience
0x00007fff2cb3a000 	/System/Library/PrivateFrameworks/AudioSession.framework/libSessionUtility.dylib
0x00007fff2d6c9000 	/usr/lib/libperfcheck.dylib
0x00007fff2d04d000 	/System/Library/PrivateFrameworks/AudioResourceArbitration.framework/Versions/A/AudioResourceArbitration
0x00007fff2b055000 	/System/Library/PrivateFrameworks/IconFoundation.framework/Versions/A/IconFoundation
0x00007fff2fb5e000 	/System/Library/PrivateFrameworks/SpeechRecognitionCore.framework/Versions/A/SpeechRecognitionCore
0x0000000113800000 	/Library/Java/JavaVirtualMachines/jdk-14.0.1.jdk/Contents/Home/lib/server/libjvm.dylib
0x000000010d406000 	/Library/Java/JavaVirtualMachines/jdk-14.0.1.jdk/Contents/Home/lib/libjimage.dylib
0x000000010d413000 	/Library/Java/JavaVirtualMachines/jdk-14.0.1.jdk/Contents/Home/lib/libjdwp.dylib
0x000000010d44e000 	/Library/Java/JavaVirtualMachines/jdk-14.0.1.jdk/Contents/Home/lib/libjava.dylib
0x000000010d476000 	/Library/Java/JavaVirtualMachines/jdk-14.0.1.jdk/Contents/Home/lib/libinstrument.dylib
0x000000010d4ce000 	/Library/Java/JavaVirtualMachines/jdk-14.0.1.jdk/Contents/Home/lib/libzip.dylib
0x000000010d7d6000 	/Library/Java/JavaVirtualMachines/jdk-14.0.1.jdk/Contents/Home/lib/libdt_socket.dylib
0x000000010d7e0000 	/Library/Java/JavaVirtualMachines/jdk-14.0.1.jdk/Contents/Home/lib/libnio.dylib
0x000000011cd27000 	/Library/Java/JavaVirtualMachines/jdk-14.0.1.jdk/Contents/Home/lib/libnet.dylib
0x000000011cd3f000 	/Library/Java/JavaVirtualMachines/jdk-14.0.1.jdk/Contents/Home/lib/libverify.dylib
0x000000010d7f3000 	/Library/Java/JavaVirtualMachines/jdk-14.0.1.jdk/Contents/Home/lib/libextnet.dylib


VM Arguments:
jvm_args: -agentlib:jdwp=transport=dt_socket,suspend=y,address=localhost:54514 -ea -javaagent:/Applications/Eclipse.app/Contents/Eclipse/configuration/org.eclipse.osgi/214/0/.cp/lib/javaagent-shaded.jar -Dfile.encoding=UTF-8 
java_command: org.eclipse.jdt.internal.junit.runner.RemoteTestRunner -version 3 -port 54513 -testLoaderClass org.eclipse.jdt.internal.junit4.runner.JUnit4TestLoader -loaderpluginname org.eclipse.jdt.junit4.runtime -classNames TestSuite
java_class_path (initial): /Users/lucas/Documents/GitHub/CS1B-A7-GloegePerry:/Applications/Eclipse.app/Contents/Eclipse/plugins/org.junit_4.13.0.v20200204-1500.jar:/Applications/Eclipse.app/Contents/Eclipse/plugins/org.hamcrest.core_1.3.0.v20180420-1519.jar:/Users/lucas/eclipse-workspace/Assignment 1/lib/junit-tools.jar:/Users/lucas/eclipse-workspace/Assignment 1/lib/jmockit.jar:/Applications/Eclipse.app/Contents/Eclipse/configuration/org.eclipse.osgi/212/0/.cp:/Applications/Eclipse.app/Contents/Eclipse/configuration/org.eclipse.osgi/211/0/.cp
Launcher Type: SUN_STANDARD

[Global flags]
     intx CICompilerCount                          = 4                                         {product} {ergonomic}
     uint ConcGCThreads                            = 3                                         {product} {ergonomic}
     uint G1ConcRefinementThreads                  = 10                                        {product} {ergonomic}
   size_t G1HeapRegionSize                         = 1048576                                   {product} {ergonomic}
    uintx GCDrainStackTargetSize                   = 64                                        {product} {ergonomic}
   size_t InitialHeapSize                          = 268435456                                 {product} {ergonomic}
   size_t MarkStackSize                            = 4194304                                   {product} {ergonomic}
   size_t MaxHeapSize                              = 4294967296                                {product} {ergonomic}
   size_t MaxNewSize                               = 2576351232                                {product} {ergonomic}
   size_t MinHeapDeltaBytes                        = 1048576                                   {product} {ergonomic}
   size_t MinHeapSize                              = 8388608                                   {product} {ergonomic}
    uintx NonNMethodCodeHeapSize                   = 5839372                                {pd product} {ergonomic}
    uintx NonProfiledCodeHeapSize                  = 122909434                              {pd product} {ergonomic}
    uintx ProfiledCodeHeapSize                     = 122909434                              {pd product} {ergonomic}
    uintx ReservedCodeCacheSize                    = 251658240                              {pd product} {ergonomic}
     bool SegmentedCodeCache                       = true                                      {product} {ergonomic}
   size_t SoftMaxHeapSize                          = 4294967296                             {manageable} {ergonomic}
     bool UseCompressedClassPointers               = true                                 {lp64_product} {ergonomic}
     bool UseCompressedOops                        = true                                 {lp64_product} {ergonomic}
     bool UseG1GC                                  = true                                      {product} {ergonomic}

Logging:
Log output configuration:
 #0: stdout all=warning uptime,level,tags
 #1: stderr all=off uptime,level,tags

Environment Variables:
PATH=/usr/bin:/bin:/usr/sbin:/sbin
SHELL=/bin/zsh

Signal Handlers:
SIGSEGV: [libjvm.dylib+0x741570], sa_mask[0]=11111111011111110111111111111111, sa_flags=SA_ONSTACK|SA_RESTART|SA_SIGINFO
SIGBUS: [libjvm.dylib+0x741570], sa_mask[0]=11111111011111110111111111111111, sa_flags=SA_RESTART|SA_SIGINFO
SIGFPE: [libjvm.dylib+0x741570], sa_mask[0]=11111111011111110111111111111111, sa_flags=SA_RESTART|SA_SIGINFO
SIGPIPE: [libjvm.dylib+0x5eb393], sa_mask[0]=11111111011111110111111111111111, sa_flags=SA_RESTART|SA_SIGINFO
SIGXFSZ: [libjvm.dylib+0x5eb393], sa_mask[0]=11111111011111110111111111111111, sa_flags=SA_RESTART|SA_SIGINFO
SIGILL: [libjvm.dylib+0x741570], sa_mask[0]=11111111011111110111111111111111, sa_flags=SA_RESTART|SA_SIGINFO
SIGUSR2: [libjvm.dylib+0x5eb965], sa_mask[0]=00100000000000000000000000000000, sa_flags=SA_RESTART|SA_SIGINFO
SIGHUP: [libjvm.dylib+0x5ea9c7], sa_mask[0]=11111111011111110111111111111111, sa_flags=SA_RESTART|SA_SIGINFO
SIGINT: [libjvm.dylib+0x5ea9c7], sa_mask[0]=11111111011111110111111111111111, sa_flags=SA_RESTART|SA_SIGINFO
SIGTERM: [libjvm.dylib+0x5ea9c7], sa_mask[0]=11111111011111110111111111111111, sa_flags=SA_RESTART|SA_SIGINFO
SIGQUIT: [libjvm.dylib+0x5ea9c7], sa_mask[0]=11111111011111110111111111111111, sa_flags=SA_RESTART|SA_SIGINFO


---------------  S Y S T E M  ---------------

OS:uname:Darwin 20.1.0 Darwin Kernel Version 20.1.0: Sat Oct 31 00:07:11 PDT 2020; root:xnu-7195.50.7~2/RELEASE_X86_64 x86_64
OS uptime: 0 days 21:17 hours
rlimit: STACK 8192k, CORE 0k, NPROC 2784, NOFILE 10240, AS infinity, DATA infinity, FSIZE infinity
load average:2.34 2.36 2.12

CPU:total 12 (initial active 12) (6 cores per cpu, 2 threads per core) family 6 model 158 stepping 10, cmov, cx8, fxsr, mmx, sse, sse2, sse3, ssse3, sse4.1, sse4.2, popcnt, avx, avx2, aes, clmul, erms, rtm, 3dnowpref, lzcnt, ht, tsc, tscinvbit, bmi1, bmi2, adx, fma

Memory: 4k page, physical 16777216k(187384k free), swap 1048576k(690688k free)

vm_info: Java HotSpot(TM) 64-Bit Server VM (14.0.1+7) for bsd-amd64 JRE (14.0.1+7), built on Mar  5 2020 10:34:17 by "mach5one" with clang 4.2.1 Compatible Apple LLVM 10.0.0 (clang-1000.11.45.5)

END.
